[ 2015-06-13T15:19:11+08:00 ] 124.113.164.91 /
INFO: [ app_init ] --START--
INFO: Run Behavior\BuildLiteBehavior [ RunTime:0.000033s ]
INFO: [ app_init ] --END-- [ RunTime:0.000850s ]
INFO: [ app_begin ] --START--
INFO: Run Behavior\ReadHtmlCacheBehavior [ RunTime:0.000961s ]
INFO: [ app_begin ] --END-- [ RunTime:0.001100s ]
INFO: [ view_parse ] --START--
NOTIC: [2] filemtime(): stat failed for ./App/Runtime/Temp/4d845b9c764323a5ea0bca51621422a4858e1065.file.index.phtml.php /home/wwwroot/think_jiukuaige_com/public_html/ThinkPHP/Library/Vendor/Smarty/sysplugins/smarty_resource.php 第 683 行.
NOTIC: [2] unlink(./App/Runtime/Temp/4d845b9c764323a5ea0bca51621422a4858e1065.file.index.phtml.php): No such file or directory /home/wwwroot/think_jiukuaige_com/public_html/ThinkPHP/Library/Vendor/Smarty/sysplugins/smarty_internal_write_file.php 第 49 行.
INFO: Run Behavior\ParseTemplateBehavior [ RunTime:0.043250s ]
INFO: [ view_parse ] --END-- [ RunTime:0.043349s ]
INFO: [ view_filter ] --START--
INFO: Run Behavior\WriteHtmlCacheBehavior [ RunTime:0.000732s ]
INFO: [ view_filter ] --END-- [ RunTime:0.000795s ]
INFO: [ app_end ] --START--
INFO: Run Behavior\ShowPageTraceBehavior [ RunTime:0.001090s ]
INFO: [ app_end ] --END-- [ RunTime:0.001180s ]

[ 2015-06-13T15:19:24+08:00 ] 124.113.164.91 /
INFO: [ app_init ] --START--
INFO: Run Behavior\BuildLiteBehavior [ RunTime:0.000018s ]
INFO: [ app_init ] --END-- [ RunTime:0.000439s ]
INFO: [ app_begin ] --START--
INFO: Run Behavior\ReadHtmlCacheBehavior [ RunTime:0.000663s ]
INFO: [ app_begin ] --END-- [ RunTime:0.000729s ]
INFO: [ view_parse ] --START--
INFO: Run Behavior\ParseTemplateBehavior [ RunTime:0.011830s ]
INFO: [ view_parse ] --END-- [ RunTime:0.011909s ]
INFO: [ view_filter ] --START--
INFO: Run Behavior\WriteHtmlCacheBehavior [ RunTime:0.000453s ]
INFO: [ view_filter ] --END-- [ RunTime:0.000569s ]
INFO: [ app_end ] --START--
INFO: Run Behavior\ShowPageTraceBehavior [ RunTime:0.000935s ]
INFO: [ app_end ] --END-- [ RunTime:0.001039s ]

[ 2015-06-13T15:31:28+08:00 ] 124.113.164.91 /
INFO: [ app_init ] --START--
INFO: Run Behavior\BuildLiteBehavior [ RunTime:0.000016s ]
INFO: [ app_init ] --END-- [ RunTime:0.000402s ]
INFO: [ app_begin ] --START--
INFO: Run Behavior\ReadHtmlCacheBehavior [ RunTime:0.000613s ]
INFO: [ app_begin ] --END-- [ RunTime:0.000684s ]

[ 2015-06-13T15:33:33+08:00 ] 124.113.164.91 /
INFO: [ app_init ] --START--
INFO: Run Behavior\BuildLiteBehavior [ RunTime:0.000028s ]
INFO: [ app_init ] --END-- [ RunTime:0.000542s ]
INFO: [ app_begin ] --START--
INFO: Run Behavior\ReadHtmlCacheBehavior [ RunTime:0.000530s ]
INFO: [ app_begin ] --END-- [ RunTime:0.000607s ]

[ 2015-06-13T15:33:59+08:00 ] 124.113.164.91 /
INFO: [ app_init ] --START--
INFO: Run Behavior\BuildLiteBehavior [ RunTime:0.000017s ]
INFO: [ app_init ] --END-- [ RunTime:0.000389s ]
INFO: [ app_begin ] --START--
INFO: Run Behavior\ReadHtmlCacheBehavior [ RunTime:0.000744s ]
INFO: [ app_begin ] --END-- [ RunTime:0.000824s ]

[ 2015-06-13T15:33:59+08:00 ] 124.113.164.91 /
INFO: [ app_init ] --START--
INFO: Run Behavior\BuildLiteBehavior [ RunTime:0.000018s ]
INFO: [ app_init ] --END-- [ RunTime:0.000470s ]
INFO: [ app_begin ] --START--
INFO: Run Behavior\ReadHtmlCacheBehavior [ RunTime:0.000581s ]
INFO: [ app_begin ] --END-- [ RunTime:0.000646s ]

[ 2015-06-13T15:34:00+08:00 ] 124.113.164.91 /
INFO: [ app_init ] --START--
INFO: Run Behavior\BuildLiteBehavior [ RunTime:0.000021s ]
INFO: [ app_init ] --END-- [ RunTime:0.000408s ]
INFO: [ app_begin ] --START--
INFO: Run Behavior\ReadHtmlCacheBehavior [ RunTime:0.000679s ]
INFO: [ app_begin ] --END-- [ RunTime:0.000758s ]

[ 2015-06-13T15:34:00+08:00 ] 124.113.164.91 /
INFO: [ app_init ] --START--
INFO: Run Behavior\BuildLiteBehavior [ RunTime:0.000023s ]
INFO: [ app_init ] --END-- [ RunTime:0.000559s ]
INFO: [ app_begin ] --START--
INFO: Run Behavior\ReadHtmlCacheBehavior [ RunTime:0.000795s ]
INFO: [ app_begin ] --END-- [ RunTime:0.000881s ]

[ 2015-06-13T15:34:07+08:00 ] 124.113.164.91 /
INFO: [ app_init ] --START--
INFO: Run Behavior\BuildLiteBehavior [ RunTime:0.000027s ]
INFO: [ app_init ] --END-- [ RunTime:0.000505s ]
INFO: [ app_begin ] --START--
INFO: Run Behavior\ReadHtmlCacheBehavior [ RunTime:0.000603s ]
INFO: [ app_begin ] --END-- [ RunTime:0.000672s ]

[ 2015-06-13T15:34:08+08:00 ] 124.113.164.91 /
INFO: [ app_init ] --START--
INFO: Run Behavior\BuildLiteBehavior [ RunTime:0.000026s ]
INFO: [ app_init ] --END-- [ RunTime:0.000499s ]
INFO: [ app_begin ] --START--
INFO: Run Behavior\ReadHtmlCacheBehavior [ RunTime:0.000678s ]
INFO: [ app_begin ] --END-- [ RunTime:0.000762s ]

[ 2015-06-13T15:34:08+08:00 ] 124.113.164.91 /
INFO: [ app_init ] --START--
INFO: Run Behavior\BuildLiteBehavior [ RunTime:0.000026s ]
INFO: [ app_init ] --END-- [ RunTime:0.000490s ]
INFO: [ app_begin ] --START--
INFO: Run Behavior\ReadHtmlCacheBehavior [ RunTime:0.000561s ]
INFO: [ app_begin ] --END-- [ RunTime:0.000628s ]

[ 2015-06-13T15:34:08+08:00 ] 124.113.164.91 /
INFO: [ app_init ] --START--
INFO: Run Behavior\BuildLiteBehavior [ RunTime:0.000022s ]
INFO: [ app_init ] --END-- [ RunTime:0.000412s ]
INFO: [ app_begin ] --START--
INFO: Run Behavior\ReadHtmlCacheBehavior [ RunTime:0.000523s ]
INFO: [ app_begin ] --END-- [ RunTime:0.000590s ]

[ 2015-06-13T15:34:08+08:00 ] 124.113.164.91 /
INFO: [ app_init ] --START--
INFO: Run Behavior\BuildLiteBehavior [ RunTime:0.000018s ]
INFO: [ app_init ] --END-- [ RunTime:0.000394s ]
INFO: [ app_begin ] --START--
INFO: Run Behavior\ReadHtmlCacheBehavior [ RunTime:0.000633s ]
INFO: [ app_begin ] --END-- [ RunTime:0.000699s ]

[ 2015-06-13T15:34:08+08:00 ] 124.113.164.91 /
INFO: [ app_init ] --START--
INFO: Run Behavior\BuildLiteBehavior [ RunTime:0.000018s ]
INFO: [ app_init ] --END-- [ RunTime:0.000425s ]
INFO: [ app_begin ] --START--
INFO: Run Behavior\ReadHtmlCacheBehavior [ RunTime:0.000650s ]
INFO: [ app_begin ] --END-- [ RunTime:0.000729s ]

[ 2015-06-13T15:34:08+08:00 ] 124.113.164.91 /
INFO: [ app_init ] --START--
INFO: Run Behavior\BuildLiteBehavior [ RunTime:0.000022s ]
INFO: [ app_init ] --END-- [ RunTime:0.000477s ]
INFO: [ app_begin ] --START--
INFO: Run Behavior\ReadHtmlCacheBehavior [ RunTime:0.000594s ]
INFO: [ app_begin ] --END-- [ RunTime:0.000659s ]

[ 2015-06-13T15:34:09+08:00 ] 124.113.164.91 /
INFO: [ app_init ] --START--
INFO: Run Behavior\BuildLiteBehavior [ RunTime:0.000035s ]
INFO: [ app_init ] --END-- [ RunTime:0.000517s ]
INFO: [ app_begin ] --START--
INFO: Run Behavior\ReadHtmlCacheBehavior [ RunTime:0.000655s ]
INFO: [ app_begin ] --END-- [ RunTime:0.000720s ]

[ 2015-06-13T15:34:09+08:00 ] 124.113.164.91 /
INFO: [ app_init ] --START--
INFO: Run Behavior\BuildLiteBehavior [ RunTime:0.000019s ]
INFO: [ app_init ] --END-- [ RunTime:0.000405s ]
INFO: [ app_begin ] --START--
INFO: Run Behavior\ReadHtmlCacheBehavior [ RunTime:0.000607s ]
INFO: [ app_begin ] --END-- [ RunTime:0.000673s ]

[ 2015-06-13T15:34:14+08:00 ] 124.113.164.91 /
INFO: [ app_init ] --START--
INFO: Run Behavior\BuildLiteBehavior [ RunTime:0.000018s ]
INFO: [ app_init ] --END-- [ RunTime:0.000393s ]
INFO: [ app_begin ] --START--
INFO: Run Behavior\ReadHtmlCacheBehavior [ RunTime:0.000566s ]
INFO: [ app_begin ] --END-- [ RunTime:0.000629s ]

[ 2015-06-13T15:34:22+08:00 ] 124.113.164.91 /
INFO: [ app_init ] --START--
INFO: Run Behavior\BuildLiteBehavior [ RunTime:0.000023s ]
INFO: [ app_init ] --END-- [ RunTime:0.000426s ]
INFO: [ app_begin ] --START--
INFO: Run Behavior\ReadHtmlCacheBehavior [ RunTime:0.000587s ]
INFO: [ app_begin ] --END-- [ RunTime:0.000703s ]
INFO: [ view_parse ] --START--
INFO: Run Behavior\ParseTemplateBehavior [ RunTime:0.014693s ]
INFO: [ view_parse ] --END-- [ RunTime:0.014903s ]
INFO: [ view_filter ] --START--
INFO: Run Behavior\WriteHtmlCacheBehavior [ RunTime:0.000476s ]
INFO: [ view_filter ] --END-- [ RunTime:0.000539s ]
INFO: [ app_end ] --START--
INFO: Run Behavior\ShowPageTraceBehavior [ RunTime:0.001049s ]
INFO: [ app_end ] --END-- [ RunTime:0.001112s ]

[ 2015-06-13T15:34:30+08:00 ] 124.113.164.91 /
INFO: [ app_init ] --START--
INFO: Run Behavior\BuildLiteBehavior [ RunTime:0.000020s ]
INFO: [ app_init ] --END-- [ RunTime:0.000392s ]
INFO: [ app_begin ] --START--
INFO: Run Behavior\ReadHtmlCacheBehavior [ RunTime:0.000564s ]
INFO: [ app_begin ] --END-- [ RunTime:0.000629s ]
NOTIC: [2048] Declaration of Think\Db\Driver\Mongo::connect() should be compatible with that of Think\Db\Driver::connect() /home/wwwroot/think_jiukuaige_com/public_html/ThinkPHP/Library/Think/Db/Driver/Mongo.class.php 第 18 行.
NOTIC: [2048] Declaration of Think\Db\Driver\Mongo::insertAll() should be compatible with that of Think\Db\Driver::insertAll() /home/wwwroot/think_jiukuaige_com/public_html/ThinkPHP/Library/Think/Db/Driver/Mongo.class.php 第 18 行.

[ 2015-06-13T15:34:56+08:00 ] 124.113.164.91 /
INFO: [ app_init ] --START--
INFO: Run Behavior\BuildLiteBehavior [ RunTime:0.000033s ]
INFO: [ app_init ] --END-- [ RunTime:0.000495s ]
INFO: [ app_begin ] --START--
INFO: Run Behavior\ReadHtmlCacheBehavior [ RunTime:0.000776s ]
INFO: [ app_begin ] --END-- [ RunTime:0.000850s ]

[ 2015-06-13T15:38:03+08:00 ] 124.113.164.91 /
INFO: [ app_init ] --START--
INFO: Run Behavior\BuildLiteBehavior [ RunTime:0.000022s ]
INFO: [ app_init ] --END-- [ RunTime:0.000488s ]
INFO: [ app_begin ] --START--
INFO: Run Behavior\ReadHtmlCacheBehavior [ RunTime:0.000535s ]
INFO: [ app_begin ] --END-- [ RunTime:0.000614s ]

[ 2015-06-13T15:38:03+08:00 ] 124.113.164.91 /
INFO: [ app_init ] --START--
INFO: Run Behavior\BuildLiteBehavior [ RunTime:0.000021s ]
INFO: [ app_init ] --END-- [ RunTime:0.000434s ]
INFO: [ app_begin ] --START--
INFO: Run Behavior\ReadHtmlCacheBehavior [ RunTime:0.000550s ]
INFO: [ app_begin ] --END-- [ RunTime:0.000618s ]

[ 2015-06-13T15:38:04+08:00 ] 124.113.164.91 /
INFO: [ app_init ] --START--
INFO: Run Behavior\BuildLiteBehavior [ RunTime:0.000020s ]
INFO: [ app_init ] --END-- [ RunTime:0.000394s ]
INFO: [ app_begin ] --START--
INFO: Run Behavior\ReadHtmlCacheBehavior [ RunTime:0.000573s ]
INFO: [ app_begin ] --END-- [ RunTime:0.000636s ]

[ 2015-06-13T15:38:04+08:00 ] 124.113.164.91 /
INFO: [ app_init ] --START--
INFO: Run Behavior\BuildLiteBehavior [ RunTime:0.000018s ]
INFO: [ app_init ] --END-- [ RunTime:0.000391s ]
INFO: [ app_begin ] --START--
INFO: Run Behavior\ReadHtmlCacheBehavior [ RunTime:0.000562s ]
INFO: [ app_begin ] --END-- [ RunTime:0.000627s ]

[ 2015-06-13T15:38:04+08:00 ] 124.113.164.91 /
INFO: [ app_init ] --START--
INFO: Run Behavior\BuildLiteBehavior [ RunTime:0.000019s ]
INFO: [ app_init ] --END-- [ RunTime:0.000440s ]
INFO: [ app_begin ] --START--
INFO: Run Behavior\ReadHtmlCacheBehavior [ RunTime:0.000593s ]
INFO: [ app_begin ] --END-- [ RunTime:0.000661s ]

[ 2015-06-13T15:38:46+08:00 ] 124.113.164.91 /
INFO: [ app_init ] --START--
INFO: Run Behavior\BuildLiteBehavior [ RunTime:0.000019s ]
INFO: [ app_init ] --END-- [ RunTime:0.000427s ]
INFO: [ app_begin ] --START--
INFO: Run Behavior\ReadHtmlCacheBehavior [ RunTime:0.000580s ]
INFO: [ app_begin ] --END-- [ RunTime:0.000646s ]

[ 2015-06-13T15:38:47+08:00 ] 124.113.164.91 /
INFO: [ app_init ] --START--
INFO: Run Behavior\BuildLiteBehavior [ RunTime:0.000032s ]
INFO: [ app_init ] --END-- [ RunTime:0.000579s ]
INFO: [ app_begin ] --START--
INFO: Run Behavior\ReadHtmlCacheBehavior [ RunTime:0.000580s ]
INFO: [ app_begin ] --END-- [ RunTime:0.000647s ]

[ 2015-06-13T15:38:47+08:00 ] 124.113.164.91 /
INFO: [ app_init ] --START--
INFO: Run Behavior\BuildLiteBehavior [ RunTime:0.000022s ]
INFO: [ app_init ] --END-- [ RunTime:0.000457s ]
INFO: [ app_begin ] --START--
INFO: Run Behavior\ReadHtmlCacheBehavior [ RunTime:0.000620s ]
INFO: [ app_begin ] --END-- [ RunTime:0.000685s ]

[ 2015-06-13T15:38:47+08:00 ] 124.113.164.91 /
INFO: [ app_init ] --START--
INFO: Run Behavior\BuildLiteBehavior [ RunTime:0.000028s ]
INFO: [ app_init ] --END-- [ RunTime:0.000506s ]
INFO: [ app_begin ] --START--
INFO: Run Behavior\ReadHtmlCacheBehavior [ RunTime:0.000541s ]
INFO: [ app_begin ] --END-- [ RunTime:0.000606s ]

[ 2015-06-13T15:38:47+08:00 ] 124.113.164.91 /
INFO: [ app_init ] --START--
INFO: Run Behavior\BuildLiteBehavior [ RunTime:0.000019s ]
INFO: [ app_init ] --END-- [ RunTime:0.000428s ]
INFO: [ app_begin ] --START--
INFO: Run Behavior\ReadHtmlCacheBehavior [ RunTime:0.000616s ]
INFO: [ app_begin ] --END-- [ RunTime:0.000696s ]

[ 2015-06-13T15:39:57+08:00 ] 124.113.164.91 /
INFO: [ app_init ] --START--
INFO: Run Behavior\BuildLiteBehavior [ RunTime:0.000021s ]
INFO: [ app_init ] --END-- [ RunTime:0.000447s ]
INFO: [ app_begin ] --START--
INFO: Run Behavior\ReadHtmlCacheBehavior [ RunTime:0.000639s ]
INFO: [ app_begin ] --END-- [ RunTime:0.000718s ]
NOTIC: [2048] Declaration of Think\Model\MongoModel::setInc() should be compatible with that of Think\Model::setInc() /home/wwwroot/think_jiukuaige_com/public_html/ThinkPHP/Library/Think/Model/MongoModel.class.php 第 17 行.
NOTIC: [2048] Declaration of Think\Model\MongoModel::setDec() should be compatible with that of Think\Model::setDec() /home/wwwroot/think_jiukuaige_com/public_html/ThinkPHP/Library/Think/Model/MongoModel.class.php 第 17 行.
NOTIC: [2048] Declaration of Think\Db\Driver\Mongo::connect() should be compatible with that of Think\Db\Driver::connect() /home/wwwroot/think_jiukuaige_com/public_html/ThinkPHP/Library/Think/Db/Driver/Mongo.class.php 第 18 行.
NOTIC: [2048] Declaration of Think\Db\Driver\Mongo::insertAll() should be compatible with that of Think\Db\Driver::insertAll() /home/wwwroot/think_jiukuaige_com/public_html/ThinkPHP/Library/Think/Db/Driver/Mongo.class.php 第 18 行.
SQL: test.getCollection(user) [ RunTime:0.0000s ]

[ 2015-06-13T15:41:08+08:00 ] 124.113.164.91 /
INFO: [ app_init ] --START--
INFO: Run Behavior\BuildLiteBehavior [ RunTime:0.000019s ]
INFO: [ app_init ] --END-- [ RunTime:0.000400s ]
INFO: [ app_begin ] --START--
INFO: Run Behavior\ReadHtmlCacheBehavior [ RunTime:0.000568s ]
INFO: [ app_begin ] --END-- [ RunTime:0.000633s ]
NOTIC: [2048] Declaration of Think\Model\MongoModel::setInc() should be compatible with that of Think\Model::setInc() /home/wwwroot/think_jiukuaige_com/public_html/ThinkPHP/Library/Think/Model/MongoModel.class.php 第 17 行.
NOTIC: [2048] Declaration of Think\Model\MongoModel::setDec() should be compatible with that of Think\Model::setDec() /home/wwwroot/think_jiukuaige_com/public_html/ThinkPHP/Library/Think/Model/MongoModel.class.php 第 17 行.
NOTIC: [2048] Declaration of Think\Db\Driver\Mongo::connect() should be compatible with that of Think\Db\Driver::connect() /home/wwwroot/think_jiukuaige_com/public_html/ThinkPHP/Library/Think/Db/Driver/Mongo.class.php 第 18 行.
NOTIC: [2048] Declaration of Think\Db\Driver\Mongo::insertAll() should be compatible with that of Think\Db\Driver::insertAll() /home/wwwroot/think_jiukuaige_com/public_html/ThinkPHP/Library/Think/Db/Driver/Mongo.class.php 第 18 行.
SQL: test.getCollection(user) [ RunTime:0.0000s ]

[ 2015-06-13T15:41:09+08:00 ] 124.113.164.91 /
INFO: [ app_init ] --START--
INFO: Run Behavior\BuildLiteBehavior [ RunTime:0.000022s ]
INFO: [ app_init ] --END-- [ RunTime:0.000460s ]
INFO: [ app_begin ] --START--
INFO: Run Behavior\ReadHtmlCacheBehavior [ RunTime:0.000599s ]
INFO: [ app_begin ] --END-- [ RunTime:0.000666s ]
NOTIC: [2048] Declaration of Think\Model\MongoModel::setInc() should be compatible with that of Think\Model::setInc() /home/wwwroot/think_jiukuaige_com/public_html/ThinkPHP/Library/Think/Model/MongoModel.class.php 第 17 行.
NOTIC: [2048] Declaration of Think\Model\MongoModel::setDec() should be compatible with that of Think\Model::setDec() /home/wwwroot/think_jiukuaige_com/public_html/ThinkPHP/Library/Think/Model/MongoModel.class.php 第 17 行.
NOTIC: [2048] Declaration of Think\Db\Driver\Mongo::connect() should be compatible with that of Think\Db\Driver::connect() /home/wwwroot/think_jiukuaige_com/public_html/ThinkPHP/Library/Think/Db/Driver/Mongo.class.php 第 18 行.
NOTIC: [2048] Declaration of Think\Db\Driver\Mongo::insertAll() should be compatible with that of Think\Db\Driver::insertAll() /home/wwwroot/think_jiukuaige_com/public_html/ThinkPHP/Library/Think/Db/Driver/Mongo.class.php 第 18 行.
SQL: test.getCollection(user) [ RunTime:0.0000s ]

[ 2015-06-13T15:41:09+08:00 ] 124.113.164.91 /
INFO: [ app_init ] --START--
INFO: Run Behavior\BuildLiteBehavior [ RunTime:0.000017s ]
INFO: [ app_init ] --END-- [ RunTime:0.000407s ]
INFO: [ app_begin ] --START--
INFO: Run Behavior\ReadHtmlCacheBehavior [ RunTime:0.000608s ]
INFO: [ app_begin ] --END-- [ RunTime:0.000679s ]
NOTIC: [2048] Declaration of Think\Model\MongoModel::setInc() should be compatible with that of Think\Model::setInc() /home/wwwroot/think_jiukuaige_com/public_html/ThinkPHP/Library/Think/Model/MongoModel.class.php 第 17 行.
NOTIC: [2048] Declaration of Think\Model\MongoModel::setDec() should be compatible with that of Think\Model::setDec() /home/wwwroot/think_jiukuaige_com/public_html/ThinkPHP/Library/Think/Model/MongoModel.class.php 第 17 行.
NOTIC: [2048] Declaration of Think\Db\Driver\Mongo::connect() should be compatible with that of Think\Db\Driver::connect() /home/wwwroot/think_jiukuaige_com/public_html/ThinkPHP/Library/Think/Db/Driver/Mongo.class.php 第 18 行.
NOTIC: [2048] Declaration of Think\Db\Driver\Mongo::insertAll() should be compatible with that of Think\Db\Driver::insertAll() /home/wwwroot/think_jiukuaige_com/public_html/ThinkPHP/Library/Think/Db/Driver/Mongo.class.php 第 18 行.
SQL: test.getCollection(user) [ RunTime:0.0001s ]

[ 2015-06-13T15:41:12+08:00 ] 124.113.164.91 /
INFO: [ app_init ] --START--
INFO: Run Behavior\BuildLiteBehavior [ RunTime:0.000017s ]
INFO: [ app_init ] --END-- [ RunTime:0.000446s ]
INFO: [ app_begin ] --START--
INFO: Run Behavior\ReadHtmlCacheBehavior [ RunTime:0.000558s ]
INFO: [ app_begin ] --END-- [ RunTime:0.000636s ]
NOTIC: [2048] Declaration of Think\Db\Driver\Mongo::connect() should be compatible with that of Think\Db\Driver::connect() /home/wwwroot/think_jiukuaige_com/public_html/ThinkPHP/Library/Think/Db/Driver/Mongo.class.php 第 18 行.
NOTIC: [2048] Declaration of Think\Db\Driver\Mongo::insertAll() should be compatible with that of Think\Db\Driver::insertAll() /home/wwwroot/think_jiukuaige_com/public_html/ThinkPHP/Library/Think/Db/Driver/Mongo.class.php 第 18 行.
ERR: Think\Model:getCollection方法不存在！

[ 2015-06-13T15:41:40+08:00 ] 124.113.164.91 /
INFO: [ app_init ] --START--
INFO: Run Behavior\BuildLiteBehavior [ RunTime:0.000018s ]
INFO: [ app_init ] --END-- [ RunTime:0.000425s ]
INFO: [ app_begin ] --START--
INFO: Run Behavior\ReadHtmlCacheBehavior [ RunTime:0.000566s ]
INFO: [ app_begin ] --END-- [ RunTime:0.000663s ]
NOTIC: [2048] Declaration of Think\Model\MongoModel::setInc() should be compatible with that of Think\Model::setInc() /home/wwwroot/think_jiukuaige_com/public_html/ThinkPHP/Library/Think/Model/MongoModel.class.php 第 17 行.
NOTIC: [2048] Declaration of Think\Model\MongoModel::setDec() should be compatible with that of Think\Model::setDec() /home/wwwroot/think_jiukuaige_com/public_html/ThinkPHP/Library/Think/Model/MongoModel.class.php 第 17 行.
NOTIC: [2048] Declaration of Think\Db\Driver\Mongo::connect() should be compatible with that of Think\Db\Driver::connect() /home/wwwroot/think_jiukuaige_com/public_html/ThinkPHP/Library/Think/Db/Driver/Mongo.class.php 第 18 行.
NOTIC: [2048] Declaration of Think\Db\Driver\Mongo::insertAll() should be compatible with that of Think\Db\Driver::insertAll() /home/wwwroot/think_jiukuaige_com/public_html/ThinkPHP/Library/Think/Db/Driver/Mongo.class.php 第 18 行.
SQL: test.getCollection(mongo) [ RunTime:0.0001s ]

[ 2015-06-13T15:41:53+08:00 ] 124.113.164.91 /
INFO: [ app_init ] --START--
INFO: Run Behavior\BuildLiteBehavior [ RunTime:0.000019s ]
INFO: [ app_init ] --END-- [ RunTime:0.000515s ]
INFO: [ app_begin ] --START--
INFO: Run Behavior\ReadHtmlCacheBehavior [ RunTime:0.000611s ]
INFO: [ app_begin ] --END-- [ RunTime:0.000725s ]
NOTIC: [2048] Declaration of Think\Model\MongoModel::setInc() should be compatible with that of Think\Model::setInc() /home/wwwroot/think_jiukuaige_com/public_html/ThinkPHP/Library/Think/Model/MongoModel.class.php 第 17 行.
NOTIC: [2048] Declaration of Think\Model\MongoModel::setDec() should be compatible with that of Think\Model::setDec() /home/wwwroot/think_jiukuaige_com/public_html/ThinkPHP/Library/Think/Model/MongoModel.class.php 第 17 行.
NOTIC: [2048] Declaration of Think\Db\Driver\Mongo::connect() should be compatible with that of Think\Db\Driver::connect() /home/wwwroot/think_jiukuaige_com/public_html/ThinkPHP/Library/Think/Db/Driver/Mongo.class.php 第 18 行.
NOTIC: [2048] Declaration of Think\Db\Driver\Mongo::insertAll() should be compatible with that of Think\Db\Driver::insertAll() /home/wwwroot/think_jiukuaige_com/public_html/ThinkPHP/Library/Think/Db/Driver/Mongo.class.php 第 18 行.
SQL: test.getCollection(mongo) [ RunTime:0.0001s ]
SQL: test.mongo.find({}).limit(1) [ RunTime:0.0001s ]

[ 2015-06-13T15:43:54+08:00 ] 124.113.164.91 /
INFO: [ app_init ] --START--
INFO: Run Behavior\BuildLiteBehavior [ RunTime:0.000020s ]
INFO: [ app_init ] --END-- [ RunTime:0.000503s ]
INFO: [ app_begin ] --START--
INFO: Run Behavior\ReadHtmlCacheBehavior [ RunTime:0.000543s ]
INFO: [ app_begin ] --END-- [ RunTime:0.000612s ]
NOTIC: [2048] Declaration of Think\Model\MongoModel::setInc() should be compatible with that of Think\Model::setInc() /home/wwwroot/think_jiukuaige_com/public_html/ThinkPHP/Library/Think/Model/MongoModel.class.php 第 17 行.
NOTIC: [2048] Declaration of Think\Model\MongoModel::setDec() should be compatible with that of Think\Model::setDec() /home/wwwroot/think_jiukuaige_com/public_html/ThinkPHP/Library/Think/Model/MongoModel.class.php 第 17 行.
NOTIC: [2048] Declaration of Think\Db\Driver\Mongo::connect() should be compatible with that of Think\Db\Driver::connect() /home/wwwroot/think_jiukuaige_com/public_html/ThinkPHP/Library/Think/Db/Driver/Mongo.class.php 第 18 行.
NOTIC: [2048] Declaration of Think\Db\Driver\Mongo::insertAll() should be compatible with that of Think\Db\Driver::insertAll() /home/wwwroot/think_jiukuaige_com/public_html/ThinkPHP/Library/Think/Db/Driver/Mongo.class.php 第 18 行.
SQL: test.getCollection(mongo) [ RunTime:0.0000s ]
NOTIC: [8] Trying to get property of non-object /home/wwwroot/think_jiukuaige_com/public_html/App/Home/Controller/IndexController.class.php 第 16 行.

[ 2015-06-13T15:44:26+08:00 ] 124.113.164.91 /
INFO: [ app_init ] --START--
INFO: Run Behavior\BuildLiteBehavior [ RunTime:0.000019s ]
INFO: [ app_init ] --END-- [ RunTime:0.000398s ]
INFO: [ app_begin ] --START--
INFO: Run Behavior\ReadHtmlCacheBehavior [ RunTime:0.000596s ]
INFO: [ app_begin ] --END-- [ RunTime:0.000661s ]
NOTIC: [2048] Declaration of Think\Model\MongoModel::setInc() should be compatible with that of Think\Model::setInc() /home/wwwroot/think_jiukuaige_com/public_html/ThinkPHP/Library/Think/Model/MongoModel.class.php 第 17 行.
NOTIC: [2048] Declaration of Think\Model\MongoModel::setDec() should be compatible with that of Think\Model::setDec() /home/wwwroot/think_jiukuaige_com/public_html/ThinkPHP/Library/Think/Model/MongoModel.class.php 第 17 行.
NOTIC: [2048] Declaration of Think\Db\Driver\Mongo::connect() should be compatible with that of Think\Db\Driver::connect() /home/wwwroot/think_jiukuaige_com/public_html/ThinkPHP/Library/Think/Db/Driver/Mongo.class.php 第 18 行.
NOTIC: [2048] Declaration of Think\Db\Driver\Mongo::insertAll() should be compatible with that of Think\Db\Driver::insertAll() /home/wwwroot/think_jiukuaige_com/public_html/ThinkPHP/Library/Think/Db/Driver/Mongo.class.php 第 18 行.
SQL: test.getCollection(mongo) [ RunTime:0.0000s ]
NOTIC: [8] Trying to get property of non-object /home/wwwroot/think_jiukuaige_com/public_html/App/Home/Controller/IndexController.class.php 第 16 行.

[ 2015-06-13T15:44:27+08:00 ] 124.113.164.91 /
INFO: [ app_init ] --START--
INFO: Run Behavior\BuildLiteBehavior [ RunTime:0.000030s ]
INFO: [ app_init ] --END-- [ RunTime:0.000423s ]
INFO: [ app_begin ] --START--
INFO: Run Behavior\ReadHtmlCacheBehavior [ RunTime:0.000584s ]
INFO: [ app_begin ] --END-- [ RunTime:0.000649s ]
NOTIC: [2048] Declaration of Think\Model\MongoModel::setInc() should be compatible with that of Think\Model::setInc() /home/wwwroot/think_jiukuaige_com/public_html/ThinkPHP/Library/Think/Model/MongoModel.class.php 第 17 行.
NOTIC: [2048] Declaration of Think\Model\MongoModel::setDec() should be compatible with that of Think\Model::setDec() /home/wwwroot/think_jiukuaige_com/public_html/ThinkPHP/Library/Think/Model/MongoModel.class.php 第 17 行.
NOTIC: [2048] Declaration of Think\Db\Driver\Mongo::connect() should be compatible with that of Think\Db\Driver::connect() /home/wwwroot/think_jiukuaige_com/public_html/ThinkPHP/Library/Think/Db/Driver/Mongo.class.php 第 18 行.
NOTIC: [2048] Declaration of Think\Db\Driver\Mongo::insertAll() should be compatible with that of Think\Db\Driver::insertAll() /home/wwwroot/think_jiukuaige_com/public_html/ThinkPHP/Library/Think/Db/Driver/Mongo.class.php 第 18 行.
SQL: test.getCollection(mongo) [ RunTime:0.0000s ]
NOTIC: [8] Trying to get property of non-object /home/wwwroot/think_jiukuaige_com/public_html/App/Home/Controller/IndexController.class.php 第 16 行.

[ 2015-06-13T15:44:27+08:00 ] 124.113.164.91 /
INFO: [ app_init ] --START--
INFO: Run Behavior\BuildLiteBehavior [ RunTime:0.000020s ]
INFO: [ app_init ] --END-- [ RunTime:0.000429s ]
INFO: [ app_begin ] --START--
INFO: Run Behavior\ReadHtmlCacheBehavior [ RunTime:0.000740s ]
INFO: [ app_begin ] --END-- [ RunTime:0.000807s ]
NOTIC: [2048] Declaration of Think\Model\MongoModel::setInc() should be compatible with that of Think\Model::setInc() /home/wwwroot/think_jiukuaige_com/public_html/ThinkPHP/Library/Think/Model/MongoModel.class.php 第 17 行.
NOTIC: [2048] Declaration of Think\Model\MongoModel::setDec() should be compatible with that of Think\Model::setDec() /home/wwwroot/think_jiukuaige_com/public_html/ThinkPHP/Library/Think/Model/MongoModel.class.php 第 17 行.
NOTIC: [2048] Declaration of Think\Db\Driver\Mongo::connect() should be compatible with that of Think\Db\Driver::connect() /home/wwwroot/think_jiukuaige_com/public_html/ThinkPHP/Library/Think/Db/Driver/Mongo.class.php 第 18 行.
NOTIC: [2048] Declaration of Think\Db\Driver\Mongo::insertAll() should be compatible with that of Think\Db\Driver::insertAll() /home/wwwroot/think_jiukuaige_com/public_html/ThinkPHP/Library/Think/Db/Driver/Mongo.class.php 第 18 行.
SQL: test.getCollection(mongo) [ RunTime:0.0001s ]
NOTIC: [8] Trying to get property of non-object /home/wwwroot/think_jiukuaige_com/public_html/App/Home/Controller/IndexController.class.php 第 16 行.

[ 2015-06-13T15:44:27+08:00 ] 124.113.164.91 /
INFO: [ app_init ] --START--
INFO: Run Behavior\BuildLiteBehavior [ RunTime:0.000023s ]
INFO: [ app_init ] --END-- [ RunTime:0.000500s ]
INFO: [ app_begin ] --START--
INFO: Run Behavior\ReadHtmlCacheBehavior [ RunTime:0.000598s ]
INFO: [ app_begin ] --END-- [ RunTime:0.000664s ]
NOTIC: [2048] Declaration of Think\Model\MongoModel::setInc() should be compatible with that of Think\Model::setInc() /home/wwwroot/think_jiukuaige_com/public_html/ThinkPHP/Library/Think/Model/MongoModel.class.php 第 17 行.
NOTIC: [2048] Declaration of Think\Model\MongoModel::setDec() should be compatible with that of Think\Model::setDec() /home/wwwroot/think_jiukuaige_com/public_html/ThinkPHP/Library/Think/Model/MongoModel.class.php 第 17 行.
NOTIC: [2048] Declaration of Think\Db\Driver\Mongo::connect() should be compatible with that of Think\Db\Driver::connect() /home/wwwroot/think_jiukuaige_com/public_html/ThinkPHP/Library/Think/Db/Driver/Mongo.class.php 第 18 行.
NOTIC: [2048] Declaration of Think\Db\Driver\Mongo::insertAll() should be compatible with that of Think\Db\Driver::insertAll() /home/wwwroot/think_jiukuaige_com/public_html/ThinkPHP/Library/Think/Db/Driver/Mongo.class.php 第 18 行.
SQL: test.getCollection(mongo) [ RunTime:0.0000s ]
NOTIC: [8] Trying to get property of non-object /home/wwwroot/think_jiukuaige_com/public_html/App/Home/Controller/IndexController.class.php 第 16 行.

[ 2015-06-13T15:45:12+08:00 ] 124.113.164.91 /
INFO: [ app_init ] --START--
INFO: Run Behavior\BuildLiteBehavior [ RunTime:0.000017s ]
INFO: [ app_init ] --END-- [ RunTime:0.000399s ]
INFO: [ app_begin ] --START--
INFO: Run Behavior\ReadHtmlCacheBehavior [ RunTime:0.000692s ]
INFO: [ app_begin ] --END-- [ RunTime:0.000757s ]
NOTIC: [2048] Declaration of Think\Model\MongoModel::setInc() should be compatible with that of Think\Model::setInc() /home/wwwroot/think_jiukuaige_com/public_html/ThinkPHP/Library/Think/Model/MongoModel.class.php 第 17 行.
NOTIC: [2048] Declaration of Think\Model\MongoModel::setDec() should be compatible with that of Think\Model::setDec() /home/wwwroot/think_jiukuaige_com/public_html/ThinkPHP/Library/Think/Model/MongoModel.class.php 第 17 行.
NOTIC: [2048] Declaration of Think\Db\Driver\Mongo::connect() should be compatible with that of Think\Db\Driver::connect() /home/wwwroot/think_jiukuaige_com/public_html/ThinkPHP/Library/Think/Db/Driver/Mongo.class.php 第 18 行.
NOTIC: [2048] Declaration of Think\Db\Driver\Mongo::insertAll() should be compatible with that of Think\Db\Driver::insertAll() /home/wwwroot/think_jiukuaige_com/public_html/ThinkPHP/Library/Think/Db/Driver/Mongo.class.php 第 18 行.
SQL: test.getCollection(mongo) [ RunTime:0.0000s ]
NOTIC: [8] Trying to get property of non-object /home/wwwroot/think_jiukuaige_com/public_html/App/Home/Controller/IndexController.class.php 第 16 行.

[ 2015-06-13T15:45:13+08:00 ] 124.113.164.91 /
INFO: [ app_init ] --START--
INFO: Run Behavior\BuildLiteBehavior [ RunTime:0.000018s ]
INFO: [ app_init ] --END-- [ RunTime:0.000418s ]
INFO: [ app_begin ] --START--
INFO: Run Behavior\ReadHtmlCacheBehavior [ RunTime:0.000529s ]
INFO: [ app_begin ] --END-- [ RunTime:0.000595s ]
NOTIC: [2048] Declaration of Think\Model\MongoModel::setInc() should be compatible with that of Think\Model::setInc() /home/wwwroot/think_jiukuaige_com/public_html/ThinkPHP/Library/Think/Model/MongoModel.class.php 第 17 行.
NOTIC: [2048] Declaration of Think\Model\MongoModel::setDec() should be compatible with that of Think\Model::setDec() /home/wwwroot/think_jiukuaige_com/public_html/ThinkPHP/Library/Think/Model/MongoModel.class.php 第 17 行.
NOTIC: [2048] Declaration of Think\Db\Driver\Mongo::connect() should be compatible with that of Think\Db\Driver::connect() /home/wwwroot/think_jiukuaige_com/public_html/ThinkPHP/Library/Think/Db/Driver/Mongo.class.php 第 18 行.
NOTIC: [2048] Declaration of Think\Db\Driver\Mongo::insertAll() should be compatible with that of Think\Db\Driver::insertAll() /home/wwwroot/think_jiukuaige_com/public_html/ThinkPHP/Library/Think/Db/Driver/Mongo.class.php 第 18 行.
SQL: test.getCollection(mongo) [ RunTime:0.0001s ]
NOTIC: [8] Trying to get property of non-object /home/wwwroot/think_jiukuaige_com/public_html/App/Home/Controller/IndexController.class.php 第 16 行.

[ 2015-06-13T15:45:13+08:00 ] 124.113.164.91 /
INFO: [ app_init ] --START--
INFO: Run Behavior\BuildLiteBehavior [ RunTime:0.000021s ]
INFO: [ app_init ] --END-- [ RunTime:0.000428s ]
INFO: [ app_begin ] --START--
INFO: Run Behavior\ReadHtmlCacheBehavior [ RunTime:0.000629s ]
INFO: [ app_begin ] --END-- [ RunTime:0.000694s ]
NOTIC: [2048] Declaration of Think\Model\MongoModel::setInc() should be compatible with that of Think\Model::setInc() /home/wwwroot/think_jiukuaige_com/public_html/ThinkPHP/Library/Think/Model/MongoModel.class.php 第 17 行.
NOTIC: [2048] Declaration of Think\Model\MongoModel::setDec() should be compatible with that of Think\Model::setDec() /home/wwwroot/think_jiukuaige_com/public_html/ThinkPHP/Library/Think/Model/MongoModel.class.php 第 17 行.
NOTIC: [2048] Declaration of Think\Db\Driver\Mongo::connect() should be compatible with that of Think\Db\Driver::connect() /home/wwwroot/think_jiukuaige_com/public_html/ThinkPHP/Library/Think/Db/Driver/Mongo.class.php 第 18 行.
NOTIC: [2048] Declaration of Think\Db\Driver\Mongo::insertAll() should be compatible with that of Think\Db\Driver::insertAll() /home/wwwroot/think_jiukuaige_com/public_html/ThinkPHP/Library/Think/Db/Driver/Mongo.class.php 第 18 行.
SQL: test.getCollection(mongo) [ RunTime:0.0000s ]
NOTIC: [8] Trying to get property of non-object /home/wwwroot/think_jiukuaige_com/public_html/App/Home/Controller/IndexController.class.php 第 16 行.

[ 2015-06-13T15:45:13+08:00 ] 124.113.164.91 /
INFO: [ app_init ] --START--
INFO: Run Behavior\BuildLiteBehavior [ RunTime:0.000019s ]
INFO: [ app_init ] --END-- [ RunTime:0.000416s ]
INFO: [ app_begin ] --START--
INFO: Run Behavior\ReadHtmlCacheBehavior [ RunTime:0.000535s ]
INFO: [ app_begin ] --END-- [ RunTime:0.000600s ]
NOTIC: [2048] Declaration of Think\Model\MongoModel::setInc() should be compatible with that of Think\Model::setInc() /home/wwwroot/think_jiukuaige_com/public_html/ThinkPHP/Library/Think/Model/MongoModel.class.php 第 17 行.
NOTIC: [2048] Declaration of Think\Model\MongoModel::setDec() should be compatible with that of Think\Model::setDec() /home/wwwroot/think_jiukuaige_com/public_html/ThinkPHP/Library/Think/Model/MongoModel.class.php 第 17 行.
NOTIC: [2048] Declaration of Think\Db\Driver\Mongo::connect() should be compatible with that of Think\Db\Driver::connect() /home/wwwroot/think_jiukuaige_com/public_html/ThinkPHP/Library/Think/Db/Driver/Mongo.class.php 第 18 行.
NOTIC: [2048] Declaration of Think\Db\Driver\Mongo::insertAll() should be compatible with that of Think\Db\Driver::insertAll() /home/wwwroot/think_jiukuaige_com/public_html/ThinkPHP/Library/Think/Db/Driver/Mongo.class.php 第 18 行.
SQL: test.getCollection(mongo) [ RunTime:0.0000s ]
NOTIC: [8] Trying to get property of non-object /home/wwwroot/think_jiukuaige_com/public_html/App/Home/Controller/IndexController.class.php 第 16 行.

[ 2015-06-13T15:45:21+08:00 ] 124.113.164.91 /
INFO: [ app_init ] --START--
INFO: Run Behavior\BuildLiteBehavior [ RunTime:0.000029s ]
INFO: [ app_init ] --END-- [ RunTime:0.000461s ]
INFO: [ app_begin ] --START--
INFO: Run Behavior\ReadHtmlCacheBehavior [ RunTime:0.000640s ]
INFO: [ app_begin ] --END-- [ RunTime:0.000728s ]
NOTIC: [2048] Declaration of Think\Model\MongoModel::setInc() should be compatible with that of Think\Model::setInc() /home/wwwroot/think_jiukuaige_com/public_html/ThinkPHP/Library/Think/Model/MongoModel.class.php 第 17 行.
NOTIC: [2048] Declaration of Think\Model\MongoModel::setDec() should be compatible with that of Think\Model::setDec() /home/wwwroot/think_jiukuaige_com/public_html/ThinkPHP/Library/Think/Model/MongoModel.class.php 第 17 行.
NOTIC: [2048] Declaration of Think\Db\Driver\Mongo::connect() should be compatible with that of Think\Db\Driver::connect() /home/wwwroot/think_jiukuaige_com/public_html/ThinkPHP/Library/Think/Db/Driver/Mongo.class.php 第 18 行.
NOTIC: [2048] Declaration of Think\Db\Driver\Mongo::insertAll() should be compatible with that of Think\Db\Driver::insertAll() /home/wwwroot/think_jiukuaige_com/public_html/ThinkPHP/Library/Think/Db/Driver/Mongo.class.php 第 18 行.
SQL: test.getCollection(mongo) [ RunTime:0.0000s ]
NOTIC: [8] Trying to get property of non-object /home/wwwroot/think_jiukuaige_com/public_html/App/Home/Controller/IndexController.class.php 第 16 行.

[ 2015-06-13T15:45:22+08:00 ] 124.113.164.91 /
INFO: [ app_init ] --START--
INFO: Run Behavior\BuildLiteBehavior [ RunTime:0.000020s ]
INFO: [ app_init ] --END-- [ RunTime:0.000397s ]
INFO: [ app_begin ] --START--
INFO: Run Behavior\ReadHtmlCacheBehavior [ RunTime:0.000564s ]
INFO: [ app_begin ] --END-- [ RunTime:0.000662s ]
NOTIC: [2048] Declaration of Think\Model\MongoModel::setInc() should be compatible with that of Think\Model::setInc() /home/wwwroot/think_jiukuaige_com/public_html/ThinkPHP/Library/Think/Model/MongoModel.class.php 第 17 行.
NOTIC: [2048] Declaration of Think\Model\MongoModel::setDec() should be compatible with that of Think\Model::setDec() /home/wwwroot/think_jiukuaige_com/public_html/ThinkPHP/Library/Think/Model/MongoModel.class.php 第 17 行.
NOTIC: [2048] Declaration of Think\Db\Driver\Mongo::connect() should be compatible with that of Think\Db\Driver::connect() /home/wwwroot/think_jiukuaige_com/public_html/ThinkPHP/Library/Think/Db/Driver/Mongo.class.php 第 18 行.
NOTIC: [2048] Declaration of Think\Db\Driver\Mongo::insertAll() should be compatible with that of Think\Db\Driver::insertAll() /home/wwwroot/think_jiukuaige_com/public_html/ThinkPHP/Library/Think/Db/Driver/Mongo.class.php 第 18 行.
SQL: test.getCollection(mongo) [ RunTime:0.0000s ]
NOTIC: [8] Trying to get property of non-object /home/wwwroot/think_jiukuaige_com/public_html/App/Home/Controller/IndexController.class.php 第 16 行.

[ 2015-06-13T15:45:22+08:00 ] 124.113.164.91 /
INFO: [ app_init ] --START--
INFO: Run Behavior\BuildLiteBehavior [ RunTime:0.000023s ]
INFO: [ app_init ] --END-- [ RunTime:0.000502s ]
INFO: [ app_begin ] --START--
INFO: Run Behavior\ReadHtmlCacheBehavior [ RunTime:0.000578s ]
INFO: [ app_begin ] --END-- [ RunTime:0.000651s ]
NOTIC: [2048] Declaration of Think\Model\MongoModel::setInc() should be compatible with that of Think\Model::setInc() /home/wwwroot/think_jiukuaige_com/public_html/ThinkPHP/Library/Think/Model/MongoModel.class.php 第 17 行.
NOTIC: [2048] Declaration of Think\Model\MongoModel::setDec() should be compatible with that of Think\Model::setDec() /home/wwwroot/think_jiukuaige_com/public_html/ThinkPHP/Library/Think/Model/MongoModel.class.php 第 17 行.
NOTIC: [2048] Declaration of Think\Db\Driver\Mongo::connect() should be compatible with that of Think\Db\Driver::connect() /home/wwwroot/think_jiukuaige_com/public_html/ThinkPHP/Library/Think/Db/Driver/Mongo.class.php 第 18 行.
NOTIC: [2048] Declaration of Think\Db\Driver\Mongo::insertAll() should be compatible with that of Think\Db\Driver::insertAll() /home/wwwroot/think_jiukuaige_com/public_html/ThinkPHP/Library/Think/Db/Driver/Mongo.class.php 第 18 行.
SQL: test.getCollection(mongo) [ RunTime:0.0000s ]
NOTIC: [8] Trying to get property of non-object /home/wwwroot/think_jiukuaige_com/public_html/App/Home/Controller/IndexController.class.php 第 16 行.

[ 2015-06-13T15:45:42+08:00 ] 124.113.164.91 /
INFO: [ app_init ] --START--
INFO: Run Behavior\BuildLiteBehavior [ RunTime:0.000018s ]
INFO: [ app_init ] --END-- [ RunTime:0.000408s ]
INFO: [ app_begin ] --START--
INFO: Run Behavior\ReadHtmlCacheBehavior [ RunTime:0.000567s ]
INFO: [ app_begin ] --END-- [ RunTime:0.000632s ]
NOTIC: [2048] Declaration of Think\Model\MongoModel::setInc() should be compatible with that of Think\Model::setInc() /home/wwwroot/think_jiukuaige_com/public_html/ThinkPHP/Library/Think/Model/MongoModel.class.php 第 17 行.
NOTIC: [2048] Declaration of Think\Model\MongoModel::setDec() should be compatible with that of Think\Model::setDec() /home/wwwroot/think_jiukuaige_com/public_html/ThinkPHP/Library/Think/Model/MongoModel.class.php 第 17 行.
NOTIC: [2048] Declaration of Think\Db\Driver\Mongo::connect() should be compatible with that of Think\Db\Driver::connect() /home/wwwroot/think_jiukuaige_com/public_html/ThinkPHP/Library/Think/Db/Driver/Mongo.class.php 第 18 行.
NOTIC: [2048] Declaration of Think\Db\Driver\Mongo::insertAll() should be compatible with that of Think\Db\Driver::insertAll() /home/wwwroot/think_jiukuaige_com/public_html/ThinkPHP/Library/Think/Db/Driver/Mongo.class.php 第 18 行.
SQL: test.getCollection(mongo) [ RunTime:0.0000s ]
NOTIC: [8] Trying to get property of non-object /home/wwwroot/think_jiukuaige_com/public_html/App/Home/Controller/IndexController.class.php 第 16 行.

[ 2015-06-13T15:45:43+08:00 ] 124.113.164.91 /
INFO: [ app_init ] --START--
INFO: Run Behavior\BuildLiteBehavior [ RunTime:0.000028s ]
INFO: [ app_init ] --END-- [ RunTime:0.000709s ]
INFO: [ app_begin ] --START--
INFO: Run Behavior\ReadHtmlCacheBehavior [ RunTime:0.000706s ]
INFO: [ app_begin ] --END-- [ RunTime:0.000779s ]
NOTIC: [2048] Declaration of Think\Model\MongoModel::setInc() should be compatible with that of Think\Model::setInc() /home/wwwroot/think_jiukuaige_com/public_html/ThinkPHP/Library/Think/Model/MongoModel.class.php 第 17 行.
NOTIC: [2048] Declaration of Think\Model\MongoModel::setDec() should be compatible with that of Think\Model::setDec() /home/wwwroot/think_jiukuaige_com/public_html/ThinkPHP/Library/Think/Model/MongoModel.class.php 第 17 行.
NOTIC: [2048] Declaration of Think\Db\Driver\Mongo::connect() should be compatible with that of Think\Db\Driver::connect() /home/wwwroot/think_jiukuaige_com/public_html/ThinkPHP/Library/Think/Db/Driver/Mongo.class.php 第 18 行.
NOTIC: [2048] Declaration of Think\Db\Driver\Mongo::insertAll() should be compatible with that of Think\Db\Driver::insertAll() /home/wwwroot/think_jiukuaige_com/public_html/ThinkPHP/Library/Think/Db/Driver/Mongo.class.php 第 18 行.
SQL: test.getCollection(mongo) [ RunTime:0.0000s ]
NOTIC: [8] Trying to get property of non-object /home/wwwroot/think_jiukuaige_com/public_html/App/Home/Controller/IndexController.class.php 第 16 行.

[ 2015-06-13T15:45:43+08:00 ] 124.113.164.91 /
INFO: [ app_init ] --START--
INFO: Run Behavior\BuildLiteBehavior [ RunTime:0.000019s ]
INFO: [ app_init ] --END-- [ RunTime:0.000487s ]
INFO: [ app_begin ] --START--
INFO: Run Behavior\ReadHtmlCacheBehavior [ RunTime:0.000564s ]
INFO: [ app_begin ] --END-- [ RunTime:0.000650s ]
NOTIC: [2048] Declaration of Think\Model\MongoModel::setInc() should be compatible with that of Think\Model::setInc() /home/wwwroot/think_jiukuaige_com/public_html/ThinkPHP/Library/Think/Model/MongoModel.class.php 第 17 行.
NOTIC: [2048] Declaration of Think\Model\MongoModel::setDec() should be compatible with that of Think\Model::setDec() /home/wwwroot/think_jiukuaige_com/public_html/ThinkPHP/Library/Think/Model/MongoModel.class.php 第 17 行.
NOTIC: [2048] Declaration of Think\Db\Driver\Mongo::connect() should be compatible with that of Think\Db\Driver::connect() /home/wwwroot/think_jiukuaige_com/public_html/ThinkPHP/Library/Think/Db/Driver/Mongo.class.php 第 18 行.
NOTIC: [2048] Declaration of Think\Db\Driver\Mongo::insertAll() should be compatible with that of Think\Db\Driver::insertAll() /home/wwwroot/think_jiukuaige_com/public_html/ThinkPHP/Library/Think/Db/Driver/Mongo.class.php 第 18 行.
SQL: test.getCollection(mongo) [ RunTime:0.0000s ]
NOTIC: [8] Trying to get property of non-object /home/wwwroot/think_jiukuaige_com/public_html/App/Home/Controller/IndexController.class.php 第 16 行.

[ 2015-06-13T15:45:43+08:00 ] 124.113.164.91 /
INFO: [ app_init ] --START--
INFO: Run Behavior\BuildLiteBehavior [ RunTime:0.000021s ]
INFO: [ app_init ] --END-- [ RunTime:0.000445s ]
INFO: [ app_begin ] --START--
INFO: Run Behavior\ReadHtmlCacheBehavior [ RunTime:0.000525s ]
INFO: [ app_begin ] --END-- [ RunTime:0.000590s ]
NOTIC: [2048] Declaration of Think\Model\MongoModel::setInc() should be compatible with that of Think\Model::setInc() /home/wwwroot/think_jiukuaige_com/public_html/ThinkPHP/Library/Think/Model/MongoModel.class.php 第 17 行.
NOTIC: [2048] Declaration of Think\Model\MongoModel::setDec() should be compatible with that of Think\Model::setDec() /home/wwwroot/think_jiukuaige_com/public_html/ThinkPHP/Library/Think/Model/MongoModel.class.php 第 17 行.
NOTIC: [2048] Declaration of Think\Db\Driver\Mongo::connect() should be compatible with that of Think\Db\Driver::connect() /home/wwwroot/think_jiukuaige_com/public_html/ThinkPHP/Library/Think/Db/Driver/Mongo.class.php 第 18 行.
NOTIC: [2048] Declaration of Think\Db\Driver\Mongo::insertAll() should be compatible with that of Think\Db\Driver::insertAll() /home/wwwroot/think_jiukuaige_com/public_html/ThinkPHP/Library/Think/Db/Driver/Mongo.class.php 第 18 行.
SQL: test.getCollection(mongo) [ RunTime:0.0000s ]
NOTIC: [8] Trying to get property of non-object /home/wwwroot/think_jiukuaige_com/public_html/App/Home/Controller/IndexController.class.php 第 16 行.

[ 2015-06-13T15:45:58+08:00 ] 124.113.164.91 /
INFO: [ app_init ] --START--
INFO: Run Behavior\BuildLiteBehavior [ RunTime:0.000020s ]
INFO: [ app_init ] --END-- [ RunTime:0.000491s ]
INFO: [ app_begin ] --START--
INFO: Run Behavior\ReadHtmlCacheBehavior [ RunTime:0.000601s ]
INFO: [ app_begin ] --END-- [ RunTime:0.000667s ]
NOTIC: [2048] Declaration of Think\Model\MongoModel::setInc() should be compatible with that of Think\Model::setInc() /home/wwwroot/think_jiukuaige_com/public_html/ThinkPHP/Library/Think/Model/MongoModel.class.php 第 17 行.
NOTIC: [2048] Declaration of Think\Model\MongoModel::setDec() should be compatible with that of Think\Model::setDec() /home/wwwroot/think_jiukuaige_com/public_html/ThinkPHP/Library/Think/Model/MongoModel.class.php 第 17 行.
NOTIC: [2048] Declaration of Think\Db\Driver\Mongo::connect() should be compatible with that of Think\Db\Driver::connect() /home/wwwroot/think_jiukuaige_com/public_html/ThinkPHP/Library/Think/Db/Driver/Mongo.class.php 第 18 行.
NOTIC: [2048] Declaration of Think\Db\Driver\Mongo::insertAll() should be compatible with that of Think\Db\Driver::insertAll() /home/wwwroot/think_jiukuaige_com/public_html/ThinkPHP/Library/Think/Db/Driver/Mongo.class.php 第 18 行.
SQL: test.getCollection(mongo) [ RunTime:0.0000s ]
NOTIC: [8] Trying to get property of non-object /home/wwwroot/think_jiukuaige_com/public_html/App/Home/Controller/IndexController.class.php 第 16 行.

[ 2015-06-13T18:01:29+08:00 ] 124.113.164.91 /
INFO: [ app_init ] --START--
INFO: Run Behavior\BuildLiteBehavior [ RunTime:0.000020s ]
INFO: [ app_init ] --END-- [ RunTime:0.000447s ]
INFO: [ app_begin ] --START--
INFO: Run Behavior\ReadHtmlCacheBehavior [ RunTime:0.000893s ]
INFO: [ app_begin ] --END-- [ RunTime:0.000986s ]
NOTIC: [2048] Declaration of Think\Model\MongoModel::setInc() should be compatible with that of Think\Model::setInc() /home/wwwroot/think_jiukuaige_com/public_html/ThinkPHP/Library/Think/Model/MongoModel.class.php 第 17 行.
NOTIC: [2048] Declaration of Think\Model\MongoModel::setDec() should be compatible with that of Think\Model::setDec() /home/wwwroot/think_jiukuaige_com/public_html/ThinkPHP/Library/Think/Model/MongoModel.class.php 第 17 行.
NOTIC: [2048] Declaration of Think\Db\Driver\Mongo::connect() should be compatible with that of Think\Db\Driver::connect() /home/wwwroot/think_jiukuaige_com/public_html/ThinkPHP/Library/Think/Db/Driver/Mongo.class.php 第 18 行.
NOTIC: [2048] Declaration of Think\Db\Driver\Mongo::insertAll() should be compatible with that of Think\Db\Driver::insertAll() /home/wwwroot/think_jiukuaige_com/public_html/ThinkPHP/Library/Think/Db/Driver/Mongo.class.php 第 18 行.
SQL: test.getCollection(mongo) [ RunTime:0.0000s ]
NOTIC: [8] Trying to get property of non-object /home/wwwroot/think_jiukuaige_com/public_html/App/Home/Controller/IndexController.class.php 第 16 行.

[ 2015-06-13T18:01:29+08:00 ] 124.113.164.91 /
INFO: [ app_init ] --START--
INFO: Run Behavior\BuildLiteBehavior [ RunTime:0.000021s ]
INFO: [ app_init ] --END-- [ RunTime:0.000515s ]
INFO: [ app_begin ] --START--
INFO: Run Behavior\ReadHtmlCacheBehavior [ RunTime:0.000728s ]
INFO: [ app_begin ] --END-- [ RunTime:0.000806s ]
NOTIC: [2048] Declaration of Think\Model\MongoModel::setInc() should be compatible with that of Think\Model::setInc() /home/wwwroot/think_jiukuaige_com/public_html/ThinkPHP/Library/Think/Model/MongoModel.class.php 第 17 行.
NOTIC: [2048] Declaration of Think\Model\MongoModel::setDec() should be compatible with that of Think\Model::setDec() /home/wwwroot/think_jiukuaige_com/public_html/ThinkPHP/Library/Think/Model/MongoModel.class.php 第 17 行.
NOTIC: [2048] Declaration of Think\Db\Driver\Mongo::connect() should be compatible with that of Think\Db\Driver::connect() /home/wwwroot/think_jiukuaige_com/public_html/ThinkPHP/Library/Think/Db/Driver/Mongo.class.php 第 18 行.
NOTIC: [2048] Declaration of Think\Db\Driver\Mongo::insertAll() should be compatible with that of Think\Db\Driver::insertAll() /home/wwwroot/think_jiukuaige_com/public_html/ThinkPHP/Library/Think/Db/Driver/Mongo.class.php 第 18 行.
SQL: test.getCollection(mongo) [ RunTime:0.0000s ]
NOTIC: [8] Trying to get property of non-object /home/wwwroot/think_jiukuaige_com/public_html/App/Home/Controller/IndexController.class.php 第 16 行.

[ 2015-06-13T18:01:29+08:00 ] 124.113.164.91 /
INFO: [ app_init ] --START--
INFO: Run Behavior\BuildLiteBehavior [ RunTime:0.000019s ]
INFO: [ app_init ] --END-- [ RunTime:0.000389s ]
INFO: [ app_begin ] --START--
INFO: Run Behavior\ReadHtmlCacheBehavior [ RunTime:0.000767s ]
INFO: [ app_begin ] --END-- [ RunTime:0.000858s ]
NOTIC: [2048] Declaration of Think\Model\MongoModel::setInc() should be compatible with that of Think\Model::setInc() /home/wwwroot/think_jiukuaige_com/public_html/ThinkPHP/Library/Think/Model/MongoModel.class.php 第 17 行.
NOTIC: [2048] Declaration of Think\Model\MongoModel::setDec() should be compatible with that of Think\Model::setDec() /home/wwwroot/think_jiukuaige_com/public_html/ThinkPHP/Library/Think/Model/MongoModel.class.php 第 17 行.
NOTIC: [2048] Declaration of Think\Db\Driver\Mongo::connect() should be compatible with that of Think\Db\Driver::connect() /home/wwwroot/think_jiukuaige_com/public_html/ThinkPHP/Library/Think/Db/Driver/Mongo.class.php 第 18 行.
NOTIC: [2048] Declaration of Think\Db\Driver\Mongo::insertAll() should be compatible with that of Think\Db\Driver::insertAll() /home/wwwroot/think_jiukuaige_com/public_html/ThinkPHP/Library/Think/Db/Driver/Mongo.class.php 第 18 行.
SQL: test.getCollection(mongo) [ RunTime:0.0000s ]
NOTIC: [8] Trying to get property of non-object /home/wwwroot/think_jiukuaige_com/public_html/App/Home/Controller/IndexController.class.php 第 16 行.

[ 2015-06-13T18:01:30+08:00 ] 124.113.164.91 /
INFO: [ app_init ] --START--
INFO: Run Behavior\BuildLiteBehavior [ RunTime:0.000020s ]
INFO: [ app_init ] --END-- [ RunTime:0.000464s ]
INFO: [ app_begin ] --START--
INFO: Run Behavior\ReadHtmlCacheBehavior [ RunTime:0.000664s ]
INFO: [ app_begin ] --END-- [ RunTime:0.000732s ]
NOTIC: [2048] Declaration of Think\Model\MongoModel::setInc() should be compatible with that of Think\Model::setInc() /home/wwwroot/think_jiukuaige_com/public_html/ThinkPHP/Library/Think/Model/MongoModel.class.php 第 17 行.
NOTIC: [2048] Declaration of Think\Model\MongoModel::setDec() should be compatible with that of Think\Model::setDec() /home/wwwroot/think_jiukuaige_com/public_html/ThinkPHP/Library/Think/Model/MongoModel.class.php 第 17 行.
NOTIC: [2048] Declaration of Think\Db\Driver\Mongo::connect() should be compatible with that of Think\Db\Driver::connect() /home/wwwroot/think_jiukuaige_com/public_html/ThinkPHP/Library/Think/Db/Driver/Mongo.class.php 第 18 行.
NOTIC: [2048] Declaration of Think\Db\Driver\Mongo::insertAll() should be compatible with that of Think\Db\Driver::insertAll() /home/wwwroot/think_jiukuaige_com/public_html/ThinkPHP/Library/Think/Db/Driver/Mongo.class.php 第 18 行.
SQL: test.getCollection(mongo) [ RunTime:0.0000s ]
NOTIC: [8] Trying to get property of non-object /home/wwwroot/think_jiukuaige_com/public_html/App/Home/Controller/IndexController.class.php 第 16 行.

[ 2015-06-13T18:04:49+08:00 ] 124.113.164.91 /
INFO: [ app_init ] --START--
INFO: Run Behavior\BuildLiteBehavior [ RunTime:0.000028s ]
INFO: [ app_init ] --END-- [ RunTime:0.000454s ]
INFO: [ app_begin ] --START--
INFO: Run Behavior\ReadHtmlCacheBehavior [ RunTime:0.000591s ]
INFO: [ app_begin ] --END-- [ RunTime:0.000658s ]
NOTIC: [2048] Declaration of Think\Model\MongoModel::setInc() should be compatible with that of Think\Model::setInc() /home/wwwroot/think_jiukuaige_com/public_html/ThinkPHP/Library/Think/Model/MongoModel.class.php 第 17 行.
NOTIC: [2048] Declaration of Think\Model\MongoModel::setDec() should be compatible with that of Think\Model::setDec() /home/wwwroot/think_jiukuaige_com/public_html/ThinkPHP/Library/Think/Model/MongoModel.class.php 第 17 行.
NOTIC: [2048] Declaration of Think\Db\Driver\Mongo::connect() should be compatible with that of Think\Db\Driver::connect() /home/wwwroot/think_jiukuaige_com/public_html/ThinkPHP/Library/Think/Db/Driver/Mongo.class.php 第 18 行.
NOTIC: [2048] Declaration of Think\Db\Driver\Mongo::insertAll() should be compatible with that of Think\Db\Driver::insertAll() /home/wwwroot/think_jiukuaige_com/public_html/ThinkPHP/Library/Think/Db/Driver/Mongo.class.php 第 18 行.
SQL: test.getCollection(user) [ RunTime:0.0000s ]
SQL: test.user.insert({"name":"\u6d41\u5e742"}) [ RunTime:0.5067s ]
SQL: test.user.find({}) [ RunTime:0.0000s ]
INFO: [ app_end ] --START--
INFO: Run Behavior\ShowPageTraceBehavior [ RunTime:0.000671s ]
INFO: [ app_end ] --END-- [ RunTime:0.000754s ]

[ 2015-06-13T18:06:38+08:00 ] 124.113.164.91 /
INFO: [ app_init ] --START--
INFO: Run Behavior\BuildLiteBehavior [ RunTime:0.000016s ]
INFO: [ app_init ] --END-- [ RunTime:0.000569s ]
INFO: [ app_begin ] --START--
INFO: Run Behavior\ReadHtmlCacheBehavior [ RunTime:0.000582s ]
INFO: [ app_begin ] --END-- [ RunTime:0.000675s ]
NOTIC: [2048] Declaration of Think\Model\MongoModel::setInc() should be compatible with that of Think\Model::setInc() /home/wwwroot/think_jiukuaige_com/public_html/ThinkPHP/Library/Think/Model/MongoModel.class.php 第 17 行.
NOTIC: [2048] Declaration of Think\Model\MongoModel::setDec() should be compatible with that of Think\Model::setDec() /home/wwwroot/think_jiukuaige_com/public_html/ThinkPHP/Library/Think/Model/MongoModel.class.php 第 17 行.
NOTIC: [2048] Declaration of Think\Db\Driver\Mongo::connect() should be compatible with that of Think\Db\Driver::connect() /home/wwwroot/think_jiukuaige_com/public_html/ThinkPHP/Library/Think/Db/Driver/Mongo.class.php 第 18 行.
NOTIC: [2048] Declaration of Think\Db\Driver\Mongo::insertAll() should be compatible with that of Think\Db\Driver::insertAll() /home/wwwroot/think_jiukuaige_com/public_html/ThinkPHP/Library/Think/Db/Driver/Mongo.class.php 第 18 行.
SQL: test.getCollection(user) [ RunTime:0.0000s ]
INFO: [ app_end ] --START--
INFO: Run Behavior\ShowPageTraceBehavior [ RunTime:0.000665s ]
INFO: [ app_end ] --END-- [ RunTime:0.000743s ]

[ 2015-06-13T18:06:38+08:00 ] 124.113.164.91 /
INFO: [ app_init ] --START--
INFO: Run Behavior\BuildLiteBehavior [ RunTime:0.000028s ]
INFO: [ app_init ] --END-- [ RunTime:0.000668s ]
INFO: [ app_begin ] --START--
INFO: Run Behavior\ReadHtmlCacheBehavior [ RunTime:0.000924s ]
INFO: [ app_begin ] --END-- [ RunTime:0.001029s ]
NOTIC: [2048] Declaration of Think\Model\MongoModel::setInc() should be compatible with that of Think\Model::setInc() /home/wwwroot/think_jiukuaige_com/public_html/ThinkPHP/Library/Think/Model/MongoModel.class.php 第 17 行.
NOTIC: [2048] Declaration of Think\Model\MongoModel::setDec() should be compatible with that of Think\Model::setDec() /home/wwwroot/think_jiukuaige_com/public_html/ThinkPHP/Library/Think/Model/MongoModel.class.php 第 17 行.
NOTIC: [2048] Declaration of Think\Db\Driver\Mongo::connect() should be compatible with that of Think\Db\Driver::connect() /home/wwwroot/think_jiukuaige_com/public_html/ThinkPHP/Library/Think/Db/Driver/Mongo.class.php 第 18 行.
NOTIC: [2048] Declaration of Think\Db\Driver\Mongo::insertAll() should be compatible with that of Think\Db\Driver::insertAll() /home/wwwroot/think_jiukuaige_com/public_html/ThinkPHP/Library/Think/Db/Driver/Mongo.class.php 第 18 行.
SQL: test.getCollection(user) [ RunTime:0.0000s ]
INFO: [ app_end ] --START--
INFO: Run Behavior\ShowPageTraceBehavior [ RunTime:0.000752s ]
INFO: [ app_end ] --END-- [ RunTime:0.000846s ]

[ 2015-06-13T18:06:38+08:00 ] 124.113.164.91 /
INFO: [ app_init ] --START--
INFO: Run Behavior\BuildLiteBehavior [ RunTime:0.000022s ]
INFO: [ app_init ] --END-- [ RunTime:0.000480s ]
INFO: [ app_begin ] --START--
INFO: Run Behavior\ReadHtmlCacheBehavior [ RunTime:0.000532s ]
INFO: [ app_begin ] --END-- [ RunTime:0.000598s ]
NOTIC: [2048] Declaration of Think\Model\MongoModel::setInc() should be compatible with that of Think\Model::setInc() /home/wwwroot/think_jiukuaige_com/public_html/ThinkPHP/Library/Think/Model/MongoModel.class.php 第 17 行.
NOTIC: [2048] Declaration of Think\Model\MongoModel::setDec() should be compatible with that of Think\Model::setDec() /home/wwwroot/think_jiukuaige_com/public_html/ThinkPHP/Library/Think/Model/MongoModel.class.php 第 17 行.
NOTIC: [2048] Declaration of Think\Db\Driver\Mongo::connect() should be compatible with that of Think\Db\Driver::connect() /home/wwwroot/think_jiukuaige_com/public_html/ThinkPHP/Library/Think/Db/Driver/Mongo.class.php 第 18 行.
NOTIC: [2048] Declaration of Think\Db\Driver\Mongo::insertAll() should be compatible with that of Think\Db\Driver::insertAll() /home/wwwroot/think_jiukuaige_com/public_html/ThinkPHP/Library/Think/Db/Driver/Mongo.class.php 第 18 行.
SQL: test.getCollection(user) [ RunTime:0.0000s ]
INFO: [ app_end ] --START--
INFO: Run Behavior\ShowPageTraceBehavior [ RunTime:0.000993s ]
INFO: [ app_end ] --END-- [ RunTime:0.001066s ]

[ 2015-06-13T18:06:50+08:00 ] 124.113.164.91 /
INFO: [ app_init ] --START--
INFO: Run Behavior\BuildLiteBehavior [ RunTime:0.000032s ]
INFO: [ app_init ] --END-- [ RunTime:0.000732s ]
INFO: [ app_begin ] --START--
INFO: Run Behavior\ReadHtmlCacheBehavior [ RunTime:0.000905s ]
INFO: [ app_begin ] --END-- [ RunTime:0.001004s ]
NOTIC: [2048] Declaration of Think\Model\MongoModel::setInc() should be compatible with that of Think\Model::setInc() /home/wwwroot/think_jiukuaige_com/public_html/ThinkPHP/Library/Think/Model/MongoModel.class.php 第 17 行.
NOTIC: [2048] Declaration of Think\Model\MongoModel::setDec() should be compatible with that of Think\Model::setDec() /home/wwwroot/think_jiukuaige_com/public_html/ThinkPHP/Library/Think/Model/MongoModel.class.php 第 17 行.
NOTIC: [2048] Declaration of Think\Db\Driver\Mongo::connect() should be compatible with that of Think\Db\Driver::connect() /home/wwwroot/think_jiukuaige_com/public_html/ThinkPHP/Library/Think/Db/Driver/Mongo.class.php 第 18 行.
NOTIC: [2048] Declaration of Think\Db\Driver\Mongo::insertAll() should be compatible with that of Think\Db\Driver::insertAll() /home/wwwroot/think_jiukuaige_com/public_html/ThinkPHP/Library/Think/Db/Driver/Mongo.class.php 第 18 行.
SQL: test.getCollection(user) [ RunTime:0.0000s ]
INFO: [ app_end ] --START--
INFO: Run Behavior\ShowPageTraceBehavior [ RunTime:0.000926s ]
INFO: [ app_end ] --END-- [ RunTime:0.001057s ]

[ 2015-06-13T18:06:59+08:00 ] 124.113.164.91 /
INFO: [ app_init ] --START--
INFO: Run Behavior\BuildLiteBehavior [ RunTime:0.000021s ]
INFO: [ app_init ] --END-- [ RunTime:0.000442s ]
INFO: [ app_begin ] --START--
INFO: Run Behavior\ReadHtmlCacheBehavior [ RunTime:0.000530s ]
INFO: [ app_begin ] --END-- [ RunTime:0.000597s ]
NOTIC: [2048] Declaration of Think\Db\Driver\Mongo::connect() should be compatible with that of Think\Db\Driver::connect() /home/wwwroot/think_jiukuaige_com/public_html/ThinkPHP/Library/Think/Db/Driver/Mongo.class.php 第 18 行.
NOTIC: [2048] Declaration of Think\Db\Driver\Mongo::insertAll() should be compatible with that of Think\Db\Driver::insertAll() /home/wwwroot/think_jiukuaige_com/public_html/ThinkPHP/Library/Think/Db/Driver/Mongo.class.php 第 18 行.

[ 2015-06-13T18:08:55+08:00 ] 124.113.164.91 /
INFO: [ app_init ] --START--
INFO: Run Behavior\BuildLiteBehavior [ RunTime:0.000022s ]
INFO: [ app_init ] --END-- [ RunTime:0.000500s ]
INFO: [ app_begin ] --START--
INFO: Run Behavior\ReadHtmlCacheBehavior [ RunTime:0.000928s ]
INFO: [ app_begin ] --END-- [ RunTime:0.001028s ]
NOTIC: [2048] Declaration of Think\Model\MongoModel::setInc() should be compatible with that of Think\Model::setInc() /home/wwwroot/think_jiukuaige_com/public_html/ThinkPHP/Library/Think/Model/MongoModel.class.php 第 17 行.
NOTIC: [2048] Declaration of Think\Model\MongoModel::setDec() should be compatible with that of Think\Model::setDec() /home/wwwroot/think_jiukuaige_com/public_html/ThinkPHP/Library/Think/Model/MongoModel.class.php 第 17 行.
NOTIC: [2048] Declaration of Think\Db\Driver\Mongo::connect() should be compatible with that of Think\Db\Driver::connect() /home/wwwroot/think_jiukuaige_com/public_html/ThinkPHP/Library/Think/Db/Driver/Mongo.class.php 第 18 行.
NOTIC: [2048] Declaration of Think\Db\Driver\Mongo::insertAll() should be compatible with that of Think\Db\Driver::insertAll() /home/wwwroot/think_jiukuaige_com/public_html/ThinkPHP/Library/Think/Db/Driver/Mongo.class.php 第 18 行.
SQL: test.getCollection(user) [ RunTime:0.0000s ]
INFO: [ app_end ] --START--
INFO: Run Behavior\ShowPageTraceBehavior [ RunTime:0.000826s ]
INFO: [ app_end ] --END-- [ RunTime:0.000917s ]

[ 2015-06-13T18:09:07+08:00 ] 124.113.164.91 /
INFO: [ app_init ] --START--
INFO: Run Behavior\BuildLiteBehavior [ RunTime:0.000030s ]
INFO: [ app_init ] --END-- [ RunTime:0.000656s ]
INFO: [ app_begin ] --START--
INFO: Run Behavior\ReadHtmlCacheBehavior [ RunTime:0.000849s ]
INFO: [ app_begin ] --END-- [ RunTime:0.000967s ]
NOTIC: [2048] Declaration of Think\Model\MongoModel::setInc() should be compatible with that of Think\Model::setInc() /home/wwwroot/think_jiukuaige_com/public_html/ThinkPHP/Library/Think/Model/MongoModel.class.php 第 17 行.
NOTIC: [2048] Declaration of Think\Model\MongoModel::setDec() should be compatible with that of Think\Model::setDec() /home/wwwroot/think_jiukuaige_com/public_html/ThinkPHP/Library/Think/Model/MongoModel.class.php 第 17 行.
NOTIC: [2048] Declaration of Think\Db\Driver\Mongo::connect() should be compatible with that of Think\Db\Driver::connect() /home/wwwroot/think_jiukuaige_com/public_html/ThinkPHP/Library/Think/Db/Driver/Mongo.class.php 第 18 行.
NOTIC: [2048] Declaration of Think\Db\Driver\Mongo::insertAll() should be compatible with that of Think\Db\Driver::insertAll() /home/wwwroot/think_jiukuaige_com/public_html/ThinkPHP/Library/Think/Db/Driver/Mongo.class.php 第 18 行.
SQL: test.getCollection(user) [ RunTime:0.0000s ]
SQL: test.user.insert({"name":"\u6d41\u5e741"}) [ RunTime:0.0006s ]
SQL: test.user.find({}) [ RunTime:0.0001s ]
INFO: [ app_end ] --START--
INFO: Run Behavior\ShowPageTraceBehavior [ RunTime:0.001730s ]
INFO: [ app_end ] --END-- [ RunTime:0.001842s ]

[ 2015-06-13T18:11:44+08:00 ] 124.113.164.91 /
INFO: [ app_init ] --START--
INFO: Run Behavior\BuildLiteBehavior [ RunTime:0.000022s ]
INFO: [ app_init ] --END-- [ RunTime:0.000542s ]
INFO: [ app_begin ] --START--
INFO: Run Behavior\ReadHtmlCacheBehavior [ RunTime:0.000574s ]
INFO: [ app_begin ] --END-- [ RunTime:0.000639s ]

[ 2015-06-13T18:13:21+08:00 ] 124.113.164.91 /
INFO: [ app_init ] --START--
INFO: Run Behavior\BuildLiteBehavior [ RunTime:0.000022s ]
INFO: [ app_init ] --END-- [ RunTime:0.000434s ]
INFO: [ app_begin ] --START--
INFO: Run Behavior\ReadHtmlCacheBehavior [ RunTime:0.000615s ]
INFO: [ app_begin ] --END-- [ RunTime:0.000691s ]

[ 2015-06-13T18:14:06+08:00 ] 124.113.164.91 /
INFO: [ app_init ] --START--
INFO: Run Behavior\BuildLiteBehavior [ RunTime:0.000020s ]
INFO: [ app_init ] --END-- [ RunTime:0.000455s ]
INFO: [ app_begin ] --START--
INFO: Run Behavior\ReadHtmlCacheBehavior [ RunTime:0.000679s ]
INFO: [ app_begin ] --END-- [ RunTime:0.000744s ]
NOTIC: [2048] Declaration of Think\Model\MongoModel::setInc() should be compatible with that of Think\Model::setInc() /home/wwwroot/think_jiukuaige_com/public_html/ThinkPHP/Library/Think/Model/MongoModel.class.php 第 17 行.
NOTIC: [2048] Declaration of Think\Model\MongoModel::setDec() should be compatible with that of Think\Model::setDec() /home/wwwroot/think_jiukuaige_com/public_html/ThinkPHP/Library/Think/Model/MongoModel.class.php 第 17 行.
NOTIC: [2048] Declaration of Think\Db\Driver\Mongo::connect() should be compatible with that of Think\Db\Driver::connect() /home/wwwroot/think_jiukuaige_com/public_html/ThinkPHP/Library/Think/Db/Driver/Mongo.class.php 第 18 行.
NOTIC: [2048] Declaration of Think\Db\Driver\Mongo::insertAll() should be compatible with that of Think\Db\Driver::insertAll() /home/wwwroot/think_jiukuaige_com/public_html/ThinkPHP/Library/Think/Db/Driver/Mongo.class.php 第 18 行.
SQL: test.getCollection(user) [ RunTime:0.0000s ]
SQL: test.user.insert({"name":"\u6d41\u5e741"}) [ RunTime:0.0004s ]
SQL: test.user.find({}) [ RunTime:0.0000s ]
INFO: [ app_end ] --START--
INFO: Run Behavior\ShowPageTraceBehavior [ RunTime:0.000650s ]
INFO: [ app_end ] --END-- [ RunTime:0.000722s ]

[ 2015-06-13T18:15:36+08:00 ] 124.113.164.91 /
INFO: [ app_init ] --START--
INFO: Run Behavior\BuildLiteBehavior [ RunTime:0.000026s ]
INFO: [ app_init ] --END-- [ RunTime:0.000450s ]
INFO: [ app_begin ] --START--
INFO: Run Behavior\ReadHtmlCacheBehavior [ RunTime:0.000530s ]
INFO: [ app_begin ] --END-- [ RunTime:0.000611s ]

[ 2015-06-13T18:16:33+08:00 ] 124.113.164.91 /
INFO: [ app_init ] --START--
INFO: Run Behavior\BuildLiteBehavior [ RunTime:0.000021s ]
INFO: [ app_init ] --END-- [ RunTime:0.000438s ]
INFO: [ app_begin ] --START--
INFO: Run Behavior\ReadHtmlCacheBehavior [ RunTime:0.000600s ]
INFO: [ app_begin ] --END-- [ RunTime:0.000666s ]

[ 2015-06-13T18:16:34+08:00 ] 124.113.164.91 /
INFO: [ app_init ] --START--
INFO: Run Behavior\BuildLiteBehavior [ RunTime:0.000021s ]
INFO: [ app_init ] --END-- [ RunTime:0.000438s ]
INFO: [ app_begin ] --START--
INFO: Run Behavior\ReadHtmlCacheBehavior [ RunTime:0.000560s ]
INFO: [ app_begin ] --END-- [ RunTime:0.000626s ]

[ 2015-06-13T18:16:34+08:00 ] 124.113.164.91 /
INFO: [ app_init ] --START--
INFO: Run Behavior\BuildLiteBehavior [ RunTime:0.000022s ]
INFO: [ app_init ] --END-- [ RunTime:0.000516s ]
INFO: [ app_begin ] --START--
INFO: Run Behavior\ReadHtmlCacheBehavior [ RunTime:0.000593s ]
INFO: [ app_begin ] --END-- [ RunTime:0.000674s ]

[ 2015-06-13T18:16:58+08:00 ] 124.113.164.91 /
INFO: [ app_init ] --START--
INFO: Run Behavior\BuildLiteBehavior [ RunTime:0.000018s ]
INFO: [ app_init ] --END-- [ RunTime:0.000383s ]
INFO: [ app_begin ] --START--
INFO: Run Behavior\ReadHtmlCacheBehavior [ RunTime:0.000535s ]
INFO: [ app_begin ] --END-- [ RunTime:0.000628s ]

[ 2015-06-13T18:16:58+08:00 ] 124.113.164.91 /
INFO: [ app_init ] --START--
INFO: Run Behavior\BuildLiteBehavior [ RunTime:0.000018s ]
INFO: [ app_init ] --END-- [ RunTime:0.000429s ]
INFO: [ app_begin ] --START--
INFO: Run Behavior\ReadHtmlCacheBehavior [ RunTime:0.000527s ]
INFO: [ app_begin ] --END-- [ RunTime:0.000592s ]

[ 2015-06-13T18:16:58+08:00 ] 124.113.164.91 /
INFO: [ app_init ] --START--
INFO: Run Behavior\BuildLiteBehavior [ RunTime:0.000024s ]
INFO: [ app_init ] --END-- [ RunTime:0.000604s ]
INFO: [ app_begin ] --START--
INFO: Run Behavior\ReadHtmlCacheBehavior [ RunTime:0.000736s ]
INFO: [ app_begin ] --END-- [ RunTime:0.000821s ]

[ 2015-06-13T18:16:59+08:00 ] 124.113.164.91 /
INFO: [ app_init ] --START--
INFO: Run Behavior\BuildLiteBehavior [ RunTime:0.000020s ]
INFO: [ app_init ] --END-- [ RunTime:0.000498s ]
INFO: [ app_begin ] --START--
INFO: Run Behavior\ReadHtmlCacheBehavior [ RunTime:0.000588s ]
INFO: [ app_begin ] --END-- [ RunTime:0.000673s ]

[ 2015-06-13T18:17:03+08:00 ] 124.113.164.91 /
INFO: [ app_init ] --START--
INFO: Run Behavior\BuildLiteBehavior [ RunTime:0.000020s ]
INFO: [ app_init ] --END-- [ RunTime:0.000488s ]
INFO: [ app_begin ] --START--
INFO: Run Behavior\ReadHtmlCacheBehavior [ RunTime:0.000816s ]
INFO: [ app_begin ] --END-- [ RunTime:0.000911s ]

[ 2015-06-13T18:17:03+08:00 ] 124.113.164.91 /
INFO: [ app_init ] --START--
INFO: Run Behavior\BuildLiteBehavior [ RunTime:0.000023s ]
INFO: [ app_init ] --END-- [ RunTime:0.000557s ]
INFO: [ app_begin ] --START--
INFO: Run Behavior\ReadHtmlCacheBehavior [ RunTime:0.000795s ]
INFO: [ app_begin ] --END-- [ RunTime:0.000884s ]

[ 2015-06-13T18:17:04+08:00 ] 124.113.164.91 /
INFO: [ app_init ] --START--
INFO: Run Behavior\BuildLiteBehavior [ RunTime:0.000020s ]
INFO: [ app_init ] --END-- [ RunTime:0.000465s ]
INFO: [ app_begin ] --START--
INFO: Run Behavior\ReadHtmlCacheBehavior [ RunTime:0.000679s ]
INFO: [ app_begin ] --END-- [ RunTime:0.000747s ]

[ 2015-06-13T18:17:04+08:00 ] 124.113.164.91 /
INFO: [ app_init ] --START--
INFO: Run Behavior\BuildLiteBehavior [ RunTime:0.000024s ]
INFO: [ app_init ] --END-- [ RunTime:0.000545s ]
INFO: [ app_begin ] --START--
INFO: Run Behavior\ReadHtmlCacheBehavior [ RunTime:0.000866s ]
INFO: [ app_begin ] --END-- [ RunTime:0.000952s ]

[ 2015-06-13T18:17:04+08:00 ] 124.113.164.91 /
INFO: [ app_init ] --START--
INFO: Run Behavior\BuildLiteBehavior [ RunTime:0.000035s ]
INFO: [ app_init ] --END-- [ RunTime:0.000714s ]
INFO: [ app_begin ] --START--
INFO: Run Behavior\ReadHtmlCacheBehavior [ RunTime:0.000797s ]
INFO: [ app_begin ] --END-- [ RunTime:0.000878s ]

[ 2015-06-13T18:17:14+08:00 ] 124.113.164.91 /
INFO: [ app_init ] --START--
INFO: Run Behavior\BuildLiteBehavior [ RunTime:0.000040s ]
INFO: [ app_init ] --END-- [ RunTime:0.000701s ]
INFO: [ app_begin ] --START--
INFO: Run Behavior\ReadHtmlCacheBehavior [ RunTime:0.000956s ]
INFO: [ app_begin ] --END-- [ RunTime:0.001057s ]
NOTIC: [2048] Declaration of Think\Model\MongoModel::setInc() should be compatible with that of Think\Model::setInc() /home/wwwroot/think_jiukuaige_com/public_html/ThinkPHP/Library/Think/Model/MongoModel.class.php 第 17 行.
NOTIC: [2048] Declaration of Think\Model\MongoModel::setDec() should be compatible with that of Think\Model::setDec() /home/wwwroot/think_jiukuaige_com/public_html/ThinkPHP/Library/Think/Model/MongoModel.class.php 第 17 行.
NOTIC: [2048] Declaration of Think\Db\Driver\Mongo::connect() should be compatible with that of Think\Db\Driver::connect() /home/wwwroot/think_jiukuaige_com/public_html/ThinkPHP/Library/Think/Db/Driver/Mongo.class.php 第 18 行.
NOTIC: [2048] Declaration of Think\Db\Driver\Mongo::insertAll() should be compatible with that of Think\Db\Driver::insertAll() /home/wwwroot/think_jiukuaige_com/public_html/ThinkPHP/Library/Think/Db/Driver/Mongo.class.php 第 18 行.
SQL: test.getCollection(user) [ RunTime:0.0000s ]
SQL: test.user.find({}, {"name":1}).limit(1) [ RunTime:0.0001s ]

[ 2015-06-13T18:17:26+08:00 ] 124.113.164.91 /
INFO: [ app_init ] --START--
INFO: Run Behavior\BuildLiteBehavior [ RunTime:0.000019s ]
INFO: [ app_init ] --END-- [ RunTime:0.000417s ]
INFO: [ app_begin ] --START--
INFO: Run Behavior\ReadHtmlCacheBehavior [ RunTime:0.000533s ]
INFO: [ app_begin ] --END-- [ RunTime:0.000598s ]
NOTIC: [2048] Declaration of Think\Model\MongoModel::setInc() should be compatible with that of Think\Model::setInc() /home/wwwroot/think_jiukuaige_com/public_html/ThinkPHP/Library/Think/Model/MongoModel.class.php 第 17 行.
NOTIC: [2048] Declaration of Think\Model\MongoModel::setDec() should be compatible with that of Think\Model::setDec() /home/wwwroot/think_jiukuaige_com/public_html/ThinkPHP/Library/Think/Model/MongoModel.class.php 第 17 行.
NOTIC: [2048] Declaration of Think\Db\Driver\Mongo::connect() should be compatible with that of Think\Db\Driver::connect() /home/wwwroot/think_jiukuaige_com/public_html/ThinkPHP/Library/Think/Db/Driver/Mongo.class.php 第 18 行.
NOTIC: [2048] Declaration of Think\Db\Driver\Mongo::insertAll() should be compatible with that of Think\Db\Driver::insertAll() /home/wwwroot/think_jiukuaige_com/public_html/ThinkPHP/Library/Think/Db/Driver/Mongo.class.php 第 18 行.
SQL: test.getCollection(user) [ RunTime:0.0000s ]
SQL: test.user.find({}, {"name":1}).limit(1) [ RunTime:0.0001s ]
INFO: [ app_end ] --START--
INFO: Run Behavior\ShowPageTraceBehavior [ RunTime:0.000728s ]
INFO: [ app_end ] --END-- [ RunTime:0.000803s ]

[ 2015-06-13T18:17:27+08:00 ] 124.113.164.91 /
INFO: [ app_init ] --START--
INFO: Run Behavior\BuildLiteBehavior [ RunTime:0.000021s ]
INFO: [ app_init ] --END-- [ RunTime:0.000494s ]
INFO: [ app_begin ] --START--
INFO: Run Behavior\ReadHtmlCacheBehavior [ RunTime:0.000642s ]
INFO: [ app_begin ] --END-- [ RunTime:0.000719s ]
NOTIC: [2048] Declaration of Think\Model\MongoModel::setInc() should be compatible with that of Think\Model::setInc() /home/wwwroot/think_jiukuaige_com/public_html/ThinkPHP/Library/Think/Model/MongoModel.class.php 第 17 行.
NOTIC: [2048] Declaration of Think\Model\MongoModel::setDec() should be compatible with that of Think\Model::setDec() /home/wwwroot/think_jiukuaige_com/public_html/ThinkPHP/Library/Think/Model/MongoModel.class.php 第 17 行.
NOTIC: [2048] Declaration of Think\Db\Driver\Mongo::connect() should be compatible with that of Think\Db\Driver::connect() /home/wwwroot/think_jiukuaige_com/public_html/ThinkPHP/Library/Think/Db/Driver/Mongo.class.php 第 18 行.
NOTIC: [2048] Declaration of Think\Db\Driver\Mongo::insertAll() should be compatible with that of Think\Db\Driver::insertAll() /home/wwwroot/think_jiukuaige_com/public_html/ThinkPHP/Library/Think/Db/Driver/Mongo.class.php 第 18 行.
SQL: test.getCollection(user) [ RunTime:0.0000s ]
SQL: test.user.find({}, {"name":1}).limit(1) [ RunTime:0.0001s ]
INFO: [ app_end ] --START--
INFO: Run Behavior\ShowPageTraceBehavior [ RunTime:0.000717s ]
INFO: [ app_end ] --END-- [ RunTime:0.000815s ]

[ 2015-06-13T18:17:27+08:00 ] 124.113.164.91 /
INFO: [ app_init ] --START--
INFO: Run Behavior\BuildLiteBehavior [ RunTime:0.000019s ]
INFO: [ app_init ] --END-- [ RunTime:0.000417s ]
INFO: [ app_begin ] --START--
INFO: Run Behavior\ReadHtmlCacheBehavior [ RunTime:0.000530s ]
INFO: [ app_begin ] --END-- [ RunTime:0.000595s ]
NOTIC: [2048] Declaration of Think\Model\MongoModel::setInc() should be compatible with that of Think\Model::setInc() /home/wwwroot/think_jiukuaige_com/public_html/ThinkPHP/Library/Think/Model/MongoModel.class.php 第 17 行.
NOTIC: [2048] Declaration of Think\Model\MongoModel::setDec() should be compatible with that of Think\Model::setDec() /home/wwwroot/think_jiukuaige_com/public_html/ThinkPHP/Library/Think/Model/MongoModel.class.php 第 17 行.
NOTIC: [2048] Declaration of Think\Db\Driver\Mongo::connect() should be compatible with that of Think\Db\Driver::connect() /home/wwwroot/think_jiukuaige_com/public_html/ThinkPHP/Library/Think/Db/Driver/Mongo.class.php 第 18 行.
NOTIC: [2048] Declaration of Think\Db\Driver\Mongo::insertAll() should be compatible with that of Think\Db\Driver::insertAll() /home/wwwroot/think_jiukuaige_com/public_html/ThinkPHP/Library/Think/Db/Driver/Mongo.class.php 第 18 行.
SQL: test.getCollection(user) [ RunTime:0.0000s ]
SQL: test.user.find({}, {"name":1}).limit(1) [ RunTime:0.0001s ]
INFO: [ app_end ] --START--
INFO: Run Behavior\ShowPageTraceBehavior [ RunTime:0.001086s ]
INFO: [ app_end ] --END-- [ RunTime:0.001242s ]

[ 2015-06-13T18:17:41+08:00 ] 124.113.164.91 /
INFO: [ app_init ] --START--
INFO: Run Behavior\BuildLiteBehavior [ RunTime:0.000025s ]
INFO: [ app_init ] --END-- [ RunTime:0.000591s ]
INFO: [ app_begin ] --START--
INFO: Run Behavior\ReadHtmlCacheBehavior [ RunTime:0.000581s ]
INFO: [ app_begin ] --END-- [ RunTime:0.000647s ]
NOTIC: [2048] Declaration of Think\Model\MongoModel::setInc() should be compatible with that of Think\Model::setInc() /home/wwwroot/think_jiukuaige_com/public_html/ThinkPHP/Library/Think/Model/MongoModel.class.php 第 17 行.
NOTIC: [2048] Declaration of Think\Model\MongoModel::setDec() should be compatible with that of Think\Model::setDec() /home/wwwroot/think_jiukuaige_com/public_html/ThinkPHP/Library/Think/Model/MongoModel.class.php 第 17 行.
NOTIC: [2048] Declaration of Think\Db\Driver\Mongo::connect() should be compatible with that of Think\Db\Driver::connect() /home/wwwroot/think_jiukuaige_com/public_html/ThinkPHP/Library/Think/Db/Driver/Mongo.class.php 第 18 行.
NOTIC: [2048] Declaration of Think\Db\Driver\Mongo::insertAll() should be compatible with that of Think\Db\Driver::insertAll() /home/wwwroot/think_jiukuaige_com/public_html/ThinkPHP/Library/Think/Db/Driver/Mongo.class.php 第 18 行.
SQL: test.getCollection(user) [ RunTime:0.0000s ]
SQL: test.user.find({}) [ RunTime:0.0000s ]
INFO: [ app_end ] --START--
INFO: Run Behavior\ShowPageTraceBehavior [ RunTime:0.001053s ]
INFO: [ app_end ] --END-- [ RunTime:0.001166s ]

[ 2015-06-13T18:18:04+08:00 ] 124.113.164.91 /
INFO: [ app_init ] --START--
INFO: Run Behavior\BuildLiteBehavior [ RunTime:0.000021s ]
INFO: [ app_init ] --END-- [ RunTime:0.000471s ]
INFO: [ app_begin ] --START--
INFO: Run Behavior\ReadHtmlCacheBehavior [ RunTime:0.000632s ]
INFO: [ app_begin ] --END-- [ RunTime:0.000718s ]
NOTIC: [2048] Declaration of Think\Model\MongoModel::setInc() should be compatible with that of Think\Model::setInc() /home/wwwroot/think_jiukuaige_com/public_html/ThinkPHP/Library/Think/Model/MongoModel.class.php 第 17 行.
NOTIC: [2048] Declaration of Think\Model\MongoModel::setDec() should be compatible with that of Think\Model::setDec() /home/wwwroot/think_jiukuaige_com/public_html/ThinkPHP/Library/Think/Model/MongoModel.class.php 第 17 行.
NOTIC: [2048] Declaration of Think\Db\Driver\Mongo::connect() should be compatible with that of Think\Db\Driver::connect() /home/wwwroot/think_jiukuaige_com/public_html/ThinkPHP/Library/Think/Db/Driver/Mongo.class.php 第 18 行.
NOTIC: [2048] Declaration of Think\Db\Driver\Mongo::insertAll() should be compatible with that of Think\Db\Driver::insertAll() /home/wwwroot/think_jiukuaige_com/public_html/ThinkPHP/Library/Think/Db/Driver/Mongo.class.php 第 18 行.
SQL: test.getCollection(user) [ RunTime:0.0001s ]
SQL: test.user.find({}) [ RunTime:0.0000s ]
INFO: [ app_end ] --START--
INFO: Run Behavior\ShowPageTraceBehavior [ RunTime:0.000710s ]
INFO: [ app_end ] --END-- [ RunTime:0.000794s ]

