[ 2015-06-11T18:56:52+08:00 ] 192.168.2.3 /Beifeng/
INFO: [ app_init ] --START--
INFO: Run Behavior\BuildLiteBehavior [ RunTime:0.000041s ]
INFO: [ app_init ] --END-- [ RunTime:0.051223s ]
INFO: [ app_begin ] --START--
INFO: Run Behavior\ReadHtmlCacheBehavior [ RunTime:0.021172s ]
INFO: [ app_begin ] --END-- [ RunTime:0.025644s ]
INFO: [ view_parse ] --START--
INFO: [ template_filter ] --START--
INFO: Run Behavior\ContentReplaceBehavior [ RunTime:0.000069s ]
INFO: [ template_filter ] --END-- [ RunTime:0.000188s ]
INFO: Run Behavior\ParseTemplateBehavior [ RunTime:0.123294s ]
INFO: [ view_parse ] --END-- [ RunTime:0.123407s ]
INFO: [ view_filter ] --START--
INFO: Run Behavior\WriteHtmlCacheBehavior [ RunTime:0.015330s ]
INFO: [ view_filter ] --END-- [ RunTime:0.015444s ]
INFO: [ app_end ] --START--
INFO: Run Behavior\ShowPageTraceBehavior [ RunTime:0.010938s ]
INFO: [ app_end ] --END-- [ RunTime:0.011051s ]

[ 2015-06-11T18:56:55+08:00 ] 192.168.2.3 /beifeng/
INFO: [ app_init ] --START--
INFO: Run Behavior\BuildLiteBehavior [ RunTime:0.000020s ]
INFO: [ app_init ] --END-- [ RunTime:0.000559s ]
INFO: [ app_begin ] --START--
INFO: Run Behavior\ReadHtmlCacheBehavior [ RunTime:0.001122s ]
INFO: [ app_begin ] --END-- [ RunTime:0.001212s ]
INFO: [ view_parse ] --START--
INFO: Run Behavior\ParseTemplateBehavior [ RunTime:0.000774s ]
INFO: [ view_parse ] --END-- [ RunTime:0.000857s ]
INFO: [ view_filter ] --START--
INFO: Run Behavior\WriteHtmlCacheBehavior [ RunTime:0.001480s ]
INFO: [ view_filter ] --END-- [ RunTime:0.001604s ]
INFO: [ app_end ] --START--
INFO: Run Behavior\ShowPageTraceBehavior [ RunTime:0.001790s ]
INFO: [ app_end ] --END-- [ RunTime:0.001932s ]

[ 2015-06-11T18:58:12+08:00 ] 192.168.2.3 /beifeng/
INFO: [ app_init ] --START--
INFO: Run Behavior\BuildLiteBehavior [ RunTime:0.000021s ]
INFO: [ app_init ] --END-- [ RunTime:0.000602s ]

[ 2015-06-11T18:58:13+08:00 ] 192.168.2.3 /beifeng/
INFO: [ app_init ] --START--
INFO: Run Behavior\BuildLiteBehavior [ RunTime:0.000020s ]
INFO: [ app_init ] --END-- [ RunTime:0.000548s ]

[ 2015-06-11T18:58:14+08:00 ] 192.168.2.3 /beifeng/
INFO: [ app_init ] --START--
INFO: Run Behavior\BuildLiteBehavior [ RunTime:0.000023s ]
INFO: [ app_init ] --END-- [ RunTime:0.000698s ]

[ 2015-06-11T18:58:21+08:00 ] 192.168.2.3 /beifeng/
INFO: [ app_init ] --START--
INFO: Run Behavior\BuildLiteBehavior [ RunTime:0.000020s ]
INFO: [ app_init ] --END-- [ RunTime:0.000572s ]

[ 2015-06-11T19:22:57+08:00 ] 192.168.2.3 /beifeng/
INFO: [ app_init ] --START--
INFO: Run Behavior\BuildLiteBehavior [ RunTime:0.000021s ]
INFO: [ app_init ] --END-- [ RunTime:0.000653s ]

[ 2015-06-11T19:25:13+08:00 ] 192.168.2.3 /beifeng/
INFO: [ app_init ] --START--
INFO: Run Behavior\BuildLiteBehavior [ RunTime:0.000025s ]
INFO: [ app_init ] --END-- [ RunTime:0.000881s ]

[ 2015-06-11T19:32:21+08:00 ] 192.168.2.3 /beifeng/
INFO: [ app_init ] --START--
INFO: Run Behavior\BuildLiteBehavior [ RunTime:0.000022s ]
INFO: [ app_init ] --END-- [ RunTime:0.000738s ]
ERR: Failed to connect to: rootlocalhost:3306: php_network_getaddresses: getaddrinfo failed: ≤ª÷™µ¿’‚—˘µƒ÷˜ª˙°£ 

[ 2015-06-11T19:32:38+08:00 ] 192.168.2.3 /beifeng/
INFO: [ app_init ] --START--
INFO: Run Behavior\BuildLiteBehavior [ RunTime:0.000020s ]
INFO: [ app_init ] --END-- [ RunTime:0.000548s ]

[ 2015-06-11T19:33:48+08:00 ] 192.168.2.3 /beifeng/
INFO: [ app_init ] --START--
INFO: Run Behavior\BuildLiteBehavior [ RunTime:0.000018s ]
INFO: [ app_init ] --END-- [ RunTime:0.000541s ]

[ 2015-06-11T19:39:29+08:00 ] 192.168.2.3 /beifeng/Home/
INFO: [ app_init ] --START--
INFO: Run Behavior\BuildLiteBehavior [ RunTime:0.000021s ]
INFO: [ app_init ] --END-- [ RunTime:0.000633s ]

[ 2015-06-11T19:39:35+08:00 ] 192.168.2.3 /beifeng/Home/Model
INFO: [ app_init ] --START--
INFO: Run Behavior\BuildLiteBehavior [ RunTime:0.000021s ]
INFO: [ app_init ] --END-- [ RunTime:0.000551s ]
ERR: Êó†Ê≥ïÂä†ËΩΩÊéßÂà∂Âô®:Model

[ 2015-06-11T19:40:51+08:00 ] 192.168.2.3 /beifeng/Home/Model
INFO: [ app_init ] --START--
INFO: Run Behavior\BuildLiteBehavior [ RunTime:0.000023s ]
INFO: [ app_init ] --END-- [ RunTime:0.000693s ]
ERR: Êó†Ê≥ïÂä†ËΩΩÊéßÂà∂Âô®:Model

[ 2015-06-11T19:40:54+08:00 ] 192.168.2.3 /beifeng/Home/
INFO: [ app_init ] --START--
INFO: Run Behavior\BuildLiteBehavior [ RunTime:0.000022s ]
INFO: [ app_init ] --END-- [ RunTime:0.000581s ]

[ 2015-06-11T19:40:55+08:00 ] 192.168.2.3 /beifeng/Home/
INFO: [ app_init ] --START--
INFO: Run Behavior\BuildLiteBehavior [ RunTime:0.000021s ]
INFO: [ app_init ] --END-- [ RunTime:0.000583s ]

[ 2015-06-11T19:41:00+08:00 ] 192.168.2.3 /beifeng/Home/index/model
INFO: [ app_init ] --START--
INFO: Run Behavior\BuildLiteBehavior [ RunTime:0.000038s ]
INFO: [ app_init ] --END-- [ RunTime:0.000996s ]

[ 2015-06-11T19:42:30+08:00 ] 192.168.2.3 /beifeng/Home/index/model
INFO: [ app_init ] --START--
INFO: Run Behavior\BuildLiteBehavior [ RunTime:0.000023s ]
INFO: [ app_init ] --END-- [ RunTime:0.000686s ]

[ 2015-06-11T19:42:44+08:00 ] 192.168.2.3 /beifeng/Home/index/model
INFO: [ app_init ] --START--
INFO: Run Behavior\BuildLiteBehavior [ RunTime:0.000021s ]
INFO: [ app_init ] --END-- [ RunTime:0.000554s ]

[ 2015-06-11T19:42:53+08:00 ] 192.168.2.3 /beifeng/Home/index/model
INFO: [ app_init ] --START--
INFO: Run Behavior\BuildLiteBehavior [ RunTime:0.000030s ]
INFO: [ app_init ] --END-- [ RunTime:0.000835s ]

[ 2015-06-11T19:43:06+08:00 ] 192.168.2.3 /beifeng/Home/index/model
INFO: [ app_init ] --START--
INFO: Run Behavior\BuildLiteBehavior [ RunTime:0.000022s ]
INFO: [ app_init ] --END-- [ RunTime:0.000575s ]

[ 2015-06-11T19:43:16+08:00 ] 192.168.2.3 /beifeng/Home/index/model
INFO: [ app_init ] --START--
INFO: Run Behavior\BuildLiteBehavior [ RunTime:0.000056s ]
INFO: [ app_init ] --END-- [ RunTime:0.000947s ]

[ 2015-06-11T19:43:43+08:00 ] 192.168.2.3 /beifeng/Home/index/model
INFO: [ app_init ] --START--
INFO: Run Behavior\BuildLiteBehavior [ RunTime:0.000024s ]
INFO: [ app_init ] --END-- [ RunTime:0.000614s ]

[ 2015-06-11T19:43:52+08:00 ] 192.168.2.3 /beifeng/Home/index/model
INFO: [ app_init ] --START--
INFO: Run Behavior\BuildLiteBehavior [ RunTime:0.000023s ]
INFO: [ app_init ] --END-- [ RunTime:0.000684s ]

[ 2015-06-11T19:44:06+08:00 ] 192.168.2.3 /beifeng/Home/index/model
INFO: [ app_init ] --START--
INFO: Run Behavior\BuildLiteBehavior [ RunTime:0.000022s ]
INFO: [ app_init ] --END-- [ RunTime:0.000599s ]

[ 2015-06-11T19:47:55+08:00 ] 192.168.2.3 /beifeng/Home/index/model
INFO: [ app_init ] --START--
INFO: Run Behavior\BuildLiteBehavior [ RunTime:0.000023s ]
INFO: [ app_init ] --END-- [ RunTime:0.000738s ]

[ 2015-06-11T19:47:56+08:00 ] 192.168.2.3 /beifeng/Home/index/model
INFO: [ app_init ] --START--
INFO: Run Behavior\BuildLiteBehavior [ RunTime:0.000021s ]
INFO: [ app_init ] --END-- [ RunTime:0.000559s ]

[ 2015-06-11T19:47:56+08:00 ] 192.168.2.3 /beifeng/Home/index/model
INFO: [ app_init ] --START--
INFO: Run Behavior\BuildLiteBehavior [ RunTime:0.000029s ]
INFO: [ app_init ] --END-- [ RunTime:0.000627s ]

[ 2015-06-11T19:47:58+08:00 ] 192.168.2.3 /beifeng/Home/index
INFO: [ app_init ] --START--
INFO: Run Behavior\BuildLiteBehavior [ RunTime:0.000022s ]
INFO: [ app_init ] --END-- [ RunTime:0.000678s ]

[ 2015-06-11T19:47:59+08:00 ] 192.168.2.3 /beifeng/Home/index
INFO: [ app_init ] --START--
INFO: Run Behavior\BuildLiteBehavior [ RunTime:0.000022s ]
INFO: [ app_init ] --END-- [ RunTime:0.000654s ]

[ 2015-06-11T19:48:00+08:00 ] 192.168.2.3 /beifeng/Home/index
INFO: [ app_init ] --START--
INFO: Run Behavior\BuildLiteBehavior [ RunTime:0.000021s ]
INFO: [ app_init ] --END-- [ RunTime:0.000569s ]

[ 2015-06-11T19:48:00+08:00 ] 192.168.2.3 /beifeng/Home/index
INFO: [ app_init ] --START--
INFO: Run Behavior\BuildLiteBehavior [ RunTime:0.000021s ]
INFO: [ app_init ] --END-- [ RunTime:0.000565s ]

[ 2015-06-11T19:48:50+08:00 ] 192.168.2.3 /beifeng/Home/index
INFO: [ app_init ] --START--
INFO: Run Behavior\BuildLiteBehavior [ RunTime:0.000022s ]
INFO: [ app_init ] --END-- [ RunTime:0.000589s ]

[ 2015-06-11T19:48:55+08:00 ] 192.168.2.3 /beifeng/Home/index
INFO: [ app_init ] --START--
INFO: Run Behavior\BuildLiteBehavior [ RunTime:0.000020s ]
INFO: [ app_init ] --END-- [ RunTime:0.000602s ]

[ 2015-06-11T19:49:06+08:00 ] 192.168.2.3 /beifeng/Home/index
INFO: [ app_init ] --START--
INFO: Run Behavior\BuildLiteBehavior [ RunTime:0.000021s ]
INFO: [ app_init ] --END-- [ RunTime:0.000561s ]

[ 2015-06-11T20:02:40+08:00 ] 192.168.2.3 /beifeng/Home/index
INFO: [ app_init ] --START--
INFO: Run Behavior\BuildLiteBehavior [ RunTime:0.000022s ]
INFO: [ app_init ] --END-- [ RunTime:0.000634s ]

[ 2015-06-11T20:02:40+08:00 ] 192.168.2.3 /beifeng/Home/index
INFO: [ app_init ] --START--
INFO: Run Behavior\BuildLiteBehavior [ RunTime:0.000021s ]
INFO: [ app_init ] --END-- [ RunTime:0.000580s ]

[ 2015-06-11T20:02:41+08:00 ] 192.168.2.3 /beifeng/Home/index
INFO: [ app_init ] --START--
INFO: Run Behavior\BuildLiteBehavior [ RunTime:0.000023s ]
INFO: [ app_init ] --END-- [ RunTime:0.000616s ]

[ 2015-06-11T20:02:41+08:00 ] 192.168.2.3 /beifeng/Home/index
INFO: [ app_init ] --START--
INFO: Run Behavior\BuildLiteBehavior [ RunTime:0.000034s ]
INFO: [ app_init ] --END-- [ RunTime:0.001274s ]

[ 2015-06-11T20:02:42+08:00 ] 192.168.2.3 /beifeng/Home/index
INFO: [ app_init ] --START--
INFO: Run Behavior\BuildLiteBehavior [ RunTime:0.000022s ]
INFO: [ app_init ] --END-- [ RunTime:0.000595s ]

[ 2015-06-11T20:02:42+08:00 ] 192.168.2.3 /beifeng/Home/index
INFO: [ app_init ] --START--
INFO: Run Behavior\BuildLiteBehavior [ RunTime:0.000023s ]
INFO: [ app_init ] --END-- [ RunTime:0.000647s ]

[ 2015-06-11T20:02:42+08:00 ] 192.168.2.3 /beifeng/Home/index
INFO: [ app_init ] --START--
INFO: Run Behavior\BuildLiteBehavior [ RunTime:0.000022s ]
INFO: [ app_init ] --END-- [ RunTime:0.000571s ]

[ 2015-06-11T20:03:26+08:00 ] 192.168.2.3 /beifeng/Home/index
INFO: [ app_init ] --START--
INFO: Run Behavior\BuildLiteBehavior [ RunTime:0.000021s ]
INFO: [ app_init ] --END-- [ RunTime:0.000560s ]

[ 2015-06-11T20:04:02+08:00 ] 192.168.2.3 /beifeng/Home/index
INFO: [ app_init ] --START--
INFO: Run Behavior\BuildLiteBehavior [ RunTime:0.000022s ]
INFO: [ app_init ] --END-- [ RunTime:0.000581s ]

[ 2015-06-11T20:04:29+08:00 ] 192.168.2.3 /beifeng/Home/index
INFO: [ app_init ] --START--
INFO: Run Behavior\BuildLiteBehavior [ RunTime:0.000021s ]
INFO: [ app_init ] --END-- [ RunTime:0.000565s ]

[ 2015-06-11T20:04:59+08:00 ] 192.168.2.3 /beifeng/Home/index
INFO: [ app_init ] --START--
INFO: Run Behavior\BuildLiteBehavior [ RunTime:0.000021s ]
INFO: [ app_init ] --END-- [ RunTime:0.000647s ]

[ 2015-06-11T20:06:49+08:00 ] 192.168.2.3 /beifeng/Home/index
INFO: [ app_init ] --START--
INFO: Run Behavior\BuildLiteBehavior [ RunTime:0.000024s ]
INFO: [ app_init ] --END-- [ RunTime:0.000810s ]

[ 2015-06-11T20:07:16+08:00 ] 192.168.2.3 /beifeng/Home/index
INFO: [ app_init ] --START--
INFO: Run Behavior\BuildLiteBehavior [ RunTime:0.000021s ]
INFO: [ app_init ] --END-- [ RunTime:0.000626s ]

[ 2015-06-11T20:07:44+08:00 ] 192.168.2.3 /beifeng/Home/index
INFO: [ app_init ] --START--
INFO: Run Behavior\BuildLiteBehavior [ RunTime:0.000022s ]
INFO: [ app_init ] --END-- [ RunTime:0.000613s ]

[ 2015-06-11T20:08:03+08:00 ] 192.168.2.3 /beifeng/Home/index
INFO: [ app_init ] --START--
INFO: Run Behavior\BuildLiteBehavior [ RunTime:0.000021s ]
INFO: [ app_init ] --END-- [ RunTime:0.000566s ]

[ 2015-06-11T20:08:41+08:00 ] 192.168.2.3 /beifeng/Home/index
INFO: [ app_init ] --START--
INFO: Run Behavior\BuildLiteBehavior [ RunTime:0.000022s ]
INFO: [ app_init ] --END-- [ RunTime:0.000577s ]

[ 2015-06-11T20:08:45+08:00 ] 192.168.2.3 /beifeng/Home/model
INFO: [ app_init ] --START--
INFO: Run Behavior\BuildLiteBehavior [ RunTime:0.000033s ]
INFO: [ app_init ] --END-- [ RunTime:0.000911s ]
ERR: Êó†Ê≥ïÂä†ËΩΩÊéßÂà∂Âô®:Model

[ 2015-06-11T20:08:54+08:00 ] 192.168.2.3 /beifeng/Home/index/model
INFO: [ app_init ] --START--
INFO: Run Behavior\BuildLiteBehavior [ RunTime:0.000029s ]
INFO: [ app_init ] --END-- [ RunTime:0.000820s ]

[ 2015-06-11T20:10:03+08:00 ] 192.168.2.3 /beifeng/Home/index/model
INFO: [ app_init ] --START--
INFO: Run Behavior\BuildLiteBehavior [ RunTime:0.000025s ]
INFO: [ app_init ] --END-- [ RunTime:0.000684s ]

[ 2015-06-11T20:10:38+08:00 ] 192.168.2.3 /beifeng/Home/index/model
INFO: [ app_init ] --START--
INFO: Run Behavior\BuildLiteBehavior [ RunTime:0.000022s ]
INFO: [ app_init ] --END-- [ RunTime:0.000601s ]

[ 2015-06-11T20:10:38+08:00 ] 192.168.2.3 /beifeng/Home/index/model
INFO: [ app_init ] --START--
INFO: Run Behavior\BuildLiteBehavior [ RunTime:0.000021s ]
INFO: [ app_init ] --END-- [ RunTime:0.000563s ]

[ 2015-06-11T20:10:39+08:00 ] 192.168.2.3 /beifeng/Home/index/model
INFO: [ app_init ] --START--
INFO: Run Behavior\BuildLiteBehavior [ RunTime:0.000032s ]
INFO: [ app_init ] --END-- [ RunTime:0.000591s ]

[ 2015-06-11T20:10:39+08:00 ] 192.168.2.3 /beifeng/Home/index/model
INFO: [ app_init ] --START--
INFO: Run Behavior\BuildLiteBehavior [ RunTime:0.000022s ]
INFO: [ app_init ] --END-- [ RunTime:0.000618s ]

[ 2015-06-11T20:11:06+08:00 ] 192.168.2.3 /beifeng/Home/index/model
INFO: [ app_init ] --START--
INFO: Run Behavior\BuildLiteBehavior [ RunTime:0.000024s ]
INFO: [ app_init ] --END-- [ RunTime:0.001864s ]

[ 2015-06-11T20:11:07+08:00 ] 192.168.2.3 /beifeng/Home/index/model
INFO: [ app_init ] --START--
INFO: Run Behavior\BuildLiteBehavior [ RunTime:0.000021s ]
INFO: [ app_init ] --END-- [ RunTime:0.000586s ]

[ 2015-06-11T20:11:07+08:00 ] 192.168.2.3 /beifeng/Home/index/model
INFO: [ app_init ] --START--
INFO: Run Behavior\BuildLiteBehavior [ RunTime:0.000023s ]
INFO: [ app_init ] --END-- [ RunTime:0.000575s ]

[ 2015-06-11T20:11:18+08:00 ] 192.168.2.3 /beifeng/Home/index/model
INFO: [ app_init ] --START--
INFO: Run Behavior\BuildLiteBehavior [ RunTime:0.000022s ]
INFO: [ app_init ] --END-- [ RunTime:0.000732s ]

[ 2015-06-11T20:15:44+08:00 ] 192.168.2.3 /beifeng/Home/model
INFO: [ app_init ] --START--
INFO: Run Behavior\BuildLiteBehavior [ RunTime:0.000021s ]
INFO: [ app_init ] --END-- [ RunTime:0.000633s ]
ERR: Êó†Ê≥ïÂä†ËΩΩÊéßÂà∂Âô®:Model

[ 2015-06-11T20:15:45+08:00 ] 192.168.2.3 /beifeng/Home/index
INFO: [ app_init ] --START--
INFO: Run Behavior\BuildLiteBehavior [ RunTime:0.000022s ]
INFO: [ app_init ] --END-- [ RunTime:0.000639s ]

[ 2015-06-11T20:15:46+08:00 ] 192.168.2.3 /beifeng/Home/index
INFO: [ app_init ] --START--
INFO: Run Behavior\BuildLiteBehavior [ RunTime:0.000023s ]
INFO: [ app_init ] --END-- [ RunTime:0.000645s ]

[ 2015-06-11T20:16:14+08:00 ] 192.168.2.3 /beifeng/Home/index
INFO: [ app_init ] --START--
INFO: Run Behavior\BuildLiteBehavior [ RunTime:0.000022s ]
INFO: [ app_init ] --END-- [ RunTime:0.000612s ]

[ 2015-06-11T20:16:34+08:00 ] 192.168.2.3 /beifeng/Home/index
INFO: [ app_init ] --START--
INFO: Run Behavior\BuildLiteBehavior [ RunTime:0.000021s ]
INFO: [ app_init ] --END-- [ RunTime:0.000586s ]

[ 2015-06-11T20:16:48+08:00 ] 192.168.2.3 /beifeng/Home/index
INFO: [ app_init ] --START--
INFO: Run Behavior\BuildLiteBehavior [ RunTime:0.000026s ]
INFO: [ app_init ] --END-- [ RunTime:0.001133s ]
ERR: Failed to connect to: rootlocalhost:3306: php_network_getaddresses: getaddrinfo failed: ≤ª÷™µ¿’‚—˘µƒ÷˜ª˙°£ 

[ 2015-06-11T20:16:51+08:00 ] 192.168.2.3 /beifeng/Home/index
INFO: [ app_init ] --START--
INFO: Run Behavior\BuildLiteBehavior [ RunTime:0.000028s ]
INFO: [ app_init ] --END-- [ RunTime:0.000994s ]
ERR: Failed to connect to: rootlocalhost:3306: php_network_getaddresses: getaddrinfo failed: ≤ª÷™µ¿’‚—˘µƒ÷˜ª˙°£ 

[ 2015-06-11T20:17:41+08:00 ] 192.168.2.3 /beifeng/Home/index
INFO: [ app_init ] --START--
INFO: Run Behavior\BuildLiteBehavior [ RunTime:0.000024s ]
INFO: [ app_init ] --END-- [ RunTime:0.000617s ]
INFO: [ app_begin ] --START--
INFO: Run Behavior\ReadHtmlCacheBehavior [ RunTime:0.000772s ]
INFO: [ app_begin ] --END-- [ RunTime:0.000869s ]
NOTIC: [2048] Declaration of Think\Db\Driver\Mongo::connect() should be compatible with that of Think\Db\Driver::connect() E:\wamp\www\Beifeng\ThinkPHP\Library\Think\Db\Driver\Mongo.class.php Á¨¨ 18 Ë°å.
NOTIC: [2048] Declaration of Think\Db\Driver\Mongo::insertAll() should be compatible with that of Think\Db\Driver::insertAll() E:\wamp\www\Beifeng\ThinkPHP\Library\Think\Db\Driver\Mongo.class.php Á¨¨ 18 Ë°å.
NOTIC: [2] MongoClient::__construct() [<a href='mongoclient.--construct'>mongoclient.--construct</a>]: php_network_getaddresses: getaddrinfo failed: ≤ª÷™µ¿’‚—˘µƒ÷˜ª˙°£  E:\wamp\www\Beifeng\ThinkPHP\Library\Think\Db\Driver\Mongo.class.php Á¨¨ 53 Ë°å.
ERR: Failed to connect to: rootlocalhost:27017: php_network_getaddresses: getaddrinfo failed: ≤ª÷™µ¿’‚—˘µƒ÷˜ª˙°£ 

[ 2015-06-11T20:18:39+08:00 ] 192.168.2.3 /beifeng/Home/index
INFO: [ app_init ] --START--
INFO: Run Behavior\BuildLiteBehavior [ RunTime:0.000022s ]
INFO: [ app_init ] --END-- [ RunTime:0.000573s ]
INFO: [ app_begin ] --START--
INFO: Run Behavior\ReadHtmlCacheBehavior [ RunTime:0.000748s ]
INFO: [ app_begin ] --END-- [ RunTime:0.000838s ]
NOTIC: [2048] Declaration of Think\Db\Driver\Mongo::connect() should be compatible with that of Think\Db\Driver::connect() E:\wamp\www\Beifeng\ThinkPHP\Library\Think\Db\Driver\Mongo.class.php Á¨¨ 18 Ë°å.
NOTIC: [2048] Declaration of Think\Db\Driver\Mongo::insertAll() should be compatible with that of Think\Db\Driver::insertAll() E:\wamp\www\Beifeng\ThinkPHP\Library\Think\Db\Driver\Mongo.class.php Á¨¨ 18 Ë°å.
ERR: Failed to connect to: localhost:27017: ”…”⁄ƒø±Íº∆À„ª˙ª˝º´æ‹æ¯£¨Œﬁ∑®¡¨Ω”°£


[ 2015-06-11T20:19:20+08:00 ] 192.168.2.3 /beifeng/Home/index
INFO: [ app_init ] --START--
INFO: Run Behavior\BuildLiteBehavior [ RunTime:0.000028s ]
INFO: [ app_init ] --END-- [ RunTime:0.000695s ]
INFO: [ app_begin ] --START--
INFO: Run Behavior\ReadHtmlCacheBehavior [ RunTime:0.000947s ]
INFO: [ app_begin ] --END-- [ RunTime:0.001046s ]
NOTIC: [2048] Declaration of Think\Db\Driver\Mongo::connect() should be compatible with that of Think\Db\Driver::connect() E:\wamp\www\Beifeng\ThinkPHP\Library\Think\Db\Driver\Mongo.class.php Á¨¨ 18 Ë°å.
NOTIC: [2048] Declaration of Think\Db\Driver\Mongo::insertAll() should be compatible with that of Think\Db\Driver::insertAll() E:\wamp\www\Beifeng\ThinkPHP\Library\Think\Db\Driver\Mongo.class.php Á¨¨ 18 Ë°å.
NOTIC: [2] MongoClient::__construct() [<a href='mongoclient.--construct'>mongoclient.--construct</a>]: php_network_getaddresses: getaddrinfo failed: ≤ª÷™µ¿’‚—˘µƒ÷˜ª˙°£  E:\wamp\www\Beifeng\ThinkPHP\Library\Think\Db\Driver\Mongo.class.php Á¨¨ 53 Ë°å.
ERR: Failed to connect to: rootlocalhost:27017: php_network_getaddresses: getaddrinfo failed: ≤ª÷™µ¿’‚—˘µƒ÷˜ª˙°£ 

[ 2015-06-11T20:21:09+08:00 ] 192.168.2.3 /beifeng/Home/index
INFO: [ app_init ] --START--
INFO: Run Behavior\BuildLiteBehavior [ RunTime:0.000032s ]
INFO: [ app_init ] --END-- [ RunTime:0.000623s ]
INFO: [ app_begin ] --START--
INFO: Run Behavior\ReadHtmlCacheBehavior [ RunTime:0.000740s ]
INFO: [ app_begin ] --END-- [ RunTime:0.000834s ]
ERR: Êó†Ê≥ïÂä†ËΩΩÊï∞ÊçÆÂ∫ìÈ©±Âä®: Think\Db\Driver\

[ 2015-06-11T20:21:22+08:00 ] 192.168.2.3 /beifeng/Home/index
INFO: [ app_init ] --START--
INFO: Run Behavior\BuildLiteBehavior [ RunTime:0.000023s ]
INFO: [ app_init ] --END-- [ RunTime:0.000650s ]
INFO: [ app_begin ] --START--
INFO: Run Behavior\ReadHtmlCacheBehavior [ RunTime:0.000870s ]
INFO: [ app_begin ] --END-- [ RunTime:0.000954s ]
ERR: Êó†Ê≥ïÂä†ËΩΩÊï∞ÊçÆÂ∫ìÈ©±Âä®: Think\Db\Driver\

[ 2015-06-11T20:21:29+08:00 ] 192.168.2.3 /beifeng/Home/index
INFO: [ app_init ] --START--
INFO: Run Behavior\BuildLiteBehavior [ RunTime:0.000021s ]
INFO: [ app_init ] --END-- [ RunTime:0.000559s ]
INFO: [ app_begin ] --START--
INFO: Run Behavior\ReadHtmlCacheBehavior [ RunTime:0.000754s ]
INFO: [ app_begin ] --END-- [ RunTime:0.000844s ]
NOTIC: [2048] Declaration of Think\Db\Driver\Mongo::connect() should be compatible with that of Think\Db\Driver::connect() E:\wamp\www\Beifeng\ThinkPHP\Library\Think\Db\Driver\Mongo.class.php Á¨¨ 18 Ë°å.
NOTIC: [2048] Declaration of Think\Db\Driver\Mongo::insertAll() should be compatible with that of Think\Db\Driver::insertAll() E:\wamp\www\Beifeng\ThinkPHP\Library\Think\Db\Driver\Mongo.class.php Á¨¨ 18 Ë°å.
ERR: Failed to connect to: localhost:27017: ”…”⁄ƒø±Íº∆À„ª˙ª˝º´æ‹æ¯£¨Œﬁ∑®¡¨Ω”°£


[ 2015-06-11T20:21:42+08:00 ] 192.168.2.3 /beifeng/Home/index
INFO: [ app_init ] --START--
INFO: Run Behavior\BuildLiteBehavior [ RunTime:0.000023s ]
INFO: [ app_init ] --END-- [ RunTime:0.000731s ]
INFO: [ app_begin ] --START--
INFO: Run Behavior\ReadHtmlCacheBehavior [ RunTime:0.000704s ]
INFO: [ app_begin ] --END-- [ RunTime:0.000784s ]
NOTIC: [2048] Declaration of Think\Db\Driver\Mongo::connect() should be compatible with that of Think\Db\Driver::connect() E:\wamp\www\Beifeng\ThinkPHP\Library\Think\Db\Driver\Mongo.class.php Á¨¨ 18 Ë°å.
NOTIC: [2048] Declaration of Think\Db\Driver\Mongo::insertAll() should be compatible with that of Think\Db\Driver::insertAll() E:\wamp\www\Beifeng\ThinkPHP\Library\Think\Db\Driver\Mongo.class.php Á¨¨ 18 Ë°å.
ERR: Failed to connect to: localhost:27017: ”…”⁄ƒø±Íº∆À„ª˙ª˝º´æ‹æ¯£¨Œﬁ∑®¡¨Ω”°£


[ 2015-06-11T20:21:43+08:00 ] 192.168.2.3 /beifeng/Home/index
INFO: [ app_init ] --START--
INFO: Run Behavior\BuildLiteBehavior [ RunTime:0.000022s ]
INFO: [ app_init ] --END-- [ RunTime:0.000597s ]
INFO: [ app_begin ] --START--
INFO: Run Behavior\ReadHtmlCacheBehavior [ RunTime:0.000745s ]
INFO: [ app_begin ] --END-- [ RunTime:0.000832s ]
NOTIC: [2048] Declaration of Think\Db\Driver\Mongo::connect() should be compatible with that of Think\Db\Driver::connect() E:\wamp\www\Beifeng\ThinkPHP\Library\Think\Db\Driver\Mongo.class.php Á¨¨ 18 Ë°å.
NOTIC: [2048] Declaration of Think\Db\Driver\Mongo::insertAll() should be compatible with that of Think\Db\Driver::insertAll() E:\wamp\www\Beifeng\ThinkPHP\Library\Think\Db\Driver\Mongo.class.php Á¨¨ 18 Ë°å.
ERR: Failed to connect to: localhost:27017: Previous connection attempts failed, server blacklisted

[ 2015-06-11T20:21:44+08:00 ] 192.168.2.3 /beifeng/Home/index
INFO: [ app_init ] --START--
INFO: Run Behavior\BuildLiteBehavior [ RunTime:0.000021s ]
INFO: [ app_init ] --END-- [ RunTime:0.000559s ]
INFO: [ app_begin ] --START--
INFO: Run Behavior\ReadHtmlCacheBehavior [ RunTime:0.000720s ]
INFO: [ app_begin ] --END-- [ RunTime:0.000802s ]
NOTIC: [2048] Declaration of Think\Db\Driver\Mongo::connect() should be compatible with that of Think\Db\Driver::connect() E:\wamp\www\Beifeng\ThinkPHP\Library\Think\Db\Driver\Mongo.class.php Á¨¨ 18 Ë°å.
NOTIC: [2048] Declaration of Think\Db\Driver\Mongo::insertAll() should be compatible with that of Think\Db\Driver::insertAll() E:\wamp\www\Beifeng\ThinkPHP\Library\Think\Db\Driver\Mongo.class.php Á¨¨ 18 Ë°å.
ERR: Failed to connect to: localhost:27017: Previous connection attempts failed, server blacklisted

[ 2015-06-11T20:21:44+08:00 ] 192.168.2.3 /beifeng/Home/index
INFO: [ app_init ] --START--
INFO: Run Behavior\BuildLiteBehavior [ RunTime:0.000022s ]
INFO: [ app_init ] --END-- [ RunTime:0.000570s ]
INFO: [ app_begin ] --START--
INFO: Run Behavior\ReadHtmlCacheBehavior [ RunTime:0.000731s ]
INFO: [ app_begin ] --END-- [ RunTime:0.000816s ]
NOTIC: [2048] Declaration of Think\Db\Driver\Mongo::connect() should be compatible with that of Think\Db\Driver::connect() E:\wamp\www\Beifeng\ThinkPHP\Library\Think\Db\Driver\Mongo.class.php Á¨¨ 18 Ë°å.
NOTIC: [2048] Declaration of Think\Db\Driver\Mongo::insertAll() should be compatible with that of Think\Db\Driver::insertAll() E:\wamp\www\Beifeng\ThinkPHP\Library\Think\Db\Driver\Mongo.class.php Á¨¨ 18 Ë°å.
ERR: Failed to connect to: localhost:27017: Previous connection attempts failed, server blacklisted

[ 2015-06-11T20:21:44+08:00 ] 192.168.2.3 /beifeng/Home/index
INFO: [ app_init ] --START--
INFO: Run Behavior\BuildLiteBehavior [ RunTime:0.000022s ]
INFO: [ app_init ] --END-- [ RunTime:0.000559s ]
INFO: [ app_begin ] --START--
INFO: Run Behavior\ReadHtmlCacheBehavior [ RunTime:0.001371s ]
INFO: [ app_begin ] --END-- [ RunTime:0.001526s ]
NOTIC: [2048] Declaration of Think\Db\Driver\Mongo::connect() should be compatible with that of Think\Db\Driver::connect() E:\wamp\www\Beifeng\ThinkPHP\Library\Think\Db\Driver\Mongo.class.php Á¨¨ 18 Ë°å.
NOTIC: [2048] Declaration of Think\Db\Driver\Mongo::insertAll() should be compatible with that of Think\Db\Driver::insertAll() E:\wamp\www\Beifeng\ThinkPHP\Library\Think\Db\Driver\Mongo.class.php Á¨¨ 18 Ë°å.
ERR: Failed to connect to: localhost:27017: Previous connection attempts failed, server blacklisted

[ 2015-06-11T20:21:45+08:00 ] 192.168.2.3 /beifeng/Home/index
INFO: [ app_init ] --START--
INFO: Run Behavior\BuildLiteBehavior [ RunTime:0.000027s ]
INFO: [ app_init ] --END-- [ RunTime:0.000729s ]
INFO: [ app_begin ] --START--
INFO: Run Behavior\ReadHtmlCacheBehavior [ RunTime:0.000799s ]
INFO: [ app_begin ] --END-- [ RunTime:0.000893s ]
NOTIC: [2048] Declaration of Think\Db\Driver\Mongo::connect() should be compatible with that of Think\Db\Driver::connect() E:\wamp\www\Beifeng\ThinkPHP\Library\Think\Db\Driver\Mongo.class.php Á¨¨ 18 Ë°å.
NOTIC: [2048] Declaration of Think\Db\Driver\Mongo::insertAll() should be compatible with that of Think\Db\Driver::insertAll() E:\wamp\www\Beifeng\ThinkPHP\Library\Think\Db\Driver\Mongo.class.php Á¨¨ 18 Ë°å.
ERR: Failed to connect to: localhost:27017: Previous connection attempts failed, server blacklisted

[ 2015-06-11T20:21:45+08:00 ] 192.168.2.3 /beifeng/Home/index
INFO: [ app_init ] --START--
INFO: Run Behavior\BuildLiteBehavior [ RunTime:0.000023s ]
INFO: [ app_init ] --END-- [ RunTime:0.000625s ]
INFO: [ app_begin ] --START--
INFO: Run Behavior\ReadHtmlCacheBehavior [ RunTime:0.000740s ]
INFO: [ app_begin ] --END-- [ RunTime:0.000828s ]
NOTIC: [2048] Declaration of Think\Db\Driver\Mongo::connect() should be compatible with that of Think\Db\Driver::connect() E:\wamp\www\Beifeng\ThinkPHP\Library\Think\Db\Driver\Mongo.class.php Á¨¨ 18 Ë°å.
NOTIC: [2048] Declaration of Think\Db\Driver\Mongo::insertAll() should be compatible with that of Think\Db\Driver::insertAll() E:\wamp\www\Beifeng\ThinkPHP\Library\Think\Db\Driver\Mongo.class.php Á¨¨ 18 Ë°å.
ERR: Failed to connect to: localhost:27017: Previous connection attempts failed, server blacklisted

[ 2015-06-11T20:21:45+08:00 ] 192.168.2.3 /beifeng/Home/index
INFO: [ app_init ] --START--
INFO: Run Behavior\BuildLiteBehavior [ RunTime:0.000023s ]
INFO: [ app_init ] --END-- [ RunTime:0.000604s ]
INFO: [ app_begin ] --START--
INFO: Run Behavior\ReadHtmlCacheBehavior [ RunTime:0.001012s ]
INFO: [ app_begin ] --END-- [ RunTime:0.001128s ]
NOTIC: [2048] Declaration of Think\Db\Driver\Mongo::connect() should be compatible with that of Think\Db\Driver::connect() E:\wamp\www\Beifeng\ThinkPHP\Library\Think\Db\Driver\Mongo.class.php Á¨¨ 18 Ë°å.
NOTIC: [2048] Declaration of Think\Db\Driver\Mongo::insertAll() should be compatible with that of Think\Db\Driver::insertAll() E:\wamp\www\Beifeng\ThinkPHP\Library\Think\Db\Driver\Mongo.class.php Á¨¨ 18 Ë°å.
ERR: Failed to connect to: localhost:27017: Previous connection attempts failed, server blacklisted

[ 2015-06-11T20:21:45+08:00 ] 192.168.2.3 /beifeng/Home/index
INFO: [ app_init ] --START--
INFO: Run Behavior\BuildLiteBehavior [ RunTime:0.000034s ]
INFO: [ app_init ] --END-- [ RunTime:0.000855s ]
INFO: [ app_begin ] --START--
INFO: Run Behavior\ReadHtmlCacheBehavior [ RunTime:0.001140s ]
INFO: [ app_begin ] --END-- [ RunTime:0.001277s ]
NOTIC: [2048] Declaration of Think\Db\Driver\Mongo::connect() should be compatible with that of Think\Db\Driver::connect() E:\wamp\www\Beifeng\ThinkPHP\Library\Think\Db\Driver\Mongo.class.php Á¨¨ 18 Ë°å.
NOTIC: [2048] Declaration of Think\Db\Driver\Mongo::insertAll() should be compatible with that of Think\Db\Driver::insertAll() E:\wamp\www\Beifeng\ThinkPHP\Library\Think\Db\Driver\Mongo.class.php Á¨¨ 18 Ë°å.
ERR: Failed to connect to: localhost:27017: Previous connection attempts failed, server blacklisted

[ 2015-06-11T20:21:58+08:00 ] 192.168.2.3 /beifeng/Home/index
INFO: [ app_init ] --START--
INFO: Run Behavior\BuildLiteBehavior [ RunTime:0.000022s ]
INFO: [ app_init ] --END-- [ RunTime:0.000580s ]
INFO: [ app_begin ] --START--
INFO: Run Behavior\ReadHtmlCacheBehavior [ RunTime:0.000706s ]
INFO: [ app_begin ] --END-- [ RunTime:0.000787s ]
NOTIC: [2048] Declaration of Think\Db\Driver\Mongo::connect() should be compatible with that of Think\Db\Driver::connect() E:\wamp\www\Beifeng\ThinkPHP\Library\Think\Db\Driver\Mongo.class.php Á¨¨ 18 Ë°å.
NOTIC: [2048] Declaration of Think\Db\Driver\Mongo::insertAll() should be compatible with that of Think\Db\Driver::insertAll() E:\wamp\www\Beifeng\ThinkPHP\Library\Think\Db\Driver\Mongo.class.php Á¨¨ 18 Ë°å.
NOTIC: [2] MongoClient::__construct() [<a href='mongoclient.--construct'>mongoclient.--construct</a>]: php_network_getaddresses: getaddrinfo failed: ≤ª÷™µ¿’‚—˘µƒ÷˜ª˙°£  E:\wamp\www\Beifeng\ThinkPHP\Library\Think\Db\Driver\Mongo.class.php Á¨¨ 53 Ë°å.
ERR: Failed to connect to: localhost1:27017: php_network_getaddresses: getaddrinfo failed: ≤ª÷™µ¿’‚—˘µƒ÷˜ª˙°£ 

[ 2015-06-11T20:22:11+08:00 ] 192.168.2.3 /beifeng/Home/index
INFO: [ app_init ] --START--
INFO: Run Behavior\BuildLiteBehavior [ RunTime:0.000021s ]
INFO: [ app_init ] --END-- [ RunTime:0.000586s ]
INFO: [ app_begin ] --START--
INFO: Run Behavior\ReadHtmlCacheBehavior [ RunTime:0.000882s ]
INFO: [ app_begin ] --END-- [ RunTime:0.000991s ]
NOTIC: [2048] Declaration of Think\Db\Driver\Mongo::connect() should be compatible with that of Think\Db\Driver::connect() E:\wamp\www\Beifeng\ThinkPHP\Library\Think\Db\Driver\Mongo.class.php Á¨¨ 18 Ë°å.
NOTIC: [2048] Declaration of Think\Db\Driver\Mongo::insertAll() should be compatible with that of Think\Db\Driver::insertAll() E:\wamp\www\Beifeng\ThinkPHP\Library\Think\Db\Driver\Mongo.class.php Á¨¨ 18 Ë°å.
NOTIC: [2] MongoClient::__construct() [<a href='mongoclient.--construct'>mongoclient.--construct</a>]: php_network_getaddresses: getaddrinfo failed: ≤ª÷™µ¿’‚—˘µƒ÷˜ª˙°£  E:\wamp\www\Beifeng\ThinkPHP\Library\Think\Db\Driver\Mongo.class.php Á¨¨ 53 Ë°å.
ERR: Failed to connect to: rootlocalhost:27017: php_network_getaddresses: getaddrinfo failed: ≤ª÷™µ¿’‚—˘µƒ÷˜ª˙°£ 

